#
# A fatal error has been detected by the Java Runtime Environment:
#
#  EXCEPTION_ACCESS_VIOLATION (0xc0000005) at pc=0x00000000604f8624, pid=13228, tid=4512
#
# JRE version: 7.0_11-b21
# Java VM: Java HotSpot(TM) 64-Bit Server VM (23.6-b04 mixed mode windows-amd64 compressed oops)
# Problematic frame:
# C  0x00000000604f8624
#
# Failed to write core dump. Minidumps are not enabled by default on client versions of Windows
#
# If you would like to submit a bug report, please visit:
#   http://bugreport.sun.com/bugreport/crash.jsp
# The crash happened outside the Java Virtual Machine in native code.
# See problematic frame for where to report the bug.
#

---------------  T H R E A D  ---------------

Current thread (0x000000005e296000):  JavaThread "AWT-EventQueue-0" [_thread_in_native, id=4512, stack(0x00000000be1e0000,0x00000000c21e0000)]

siginfo: ExceptionCode=0xc0000005, reading address 0x0000000000000008

Registers:
RAX=0x000000000000000d, RBX=0x000000005e2961d8, RCX=0x0000000000000000, RDX=0x00000000190126e9
RSP=0x00000000c21ddb38, RBP=0x000000005e2961d8, RSI=0x0000000039358730, RDI=0x00000000a31533a0
R8 =0x00000000000074bb, R9 =0x0000000013950000, R10=0x00000000001926e9, R11=0x0000000000000246
R12=0x00000000190126e9, R13=0x0000000000000000, R14=0x00000000c21de2d0, R15=0x000000005e296000
RIP=0x00000000604f8624, EFLAGS=0x0000000000010206

Top of Stack: (sp=0x00000000c21ddb38)
0x00000000c21ddb38:   00000000604b9589 000000005e2961d8
0x00000000c21ddb48:   0000000039358730 000000000049414e
0x00000000c21ddb58:   000000000049414e 0000000000000000
0x00000000c21ddb68:   0000000039358730 00000000c21de2c0
0x00000000c21ddb78:   000000006049a6b1 000000005e2961d8
0x00000000c21ddb88:   0000000000000000 00000000c21ddc01
0x00000000c21ddb98:   00000000fabbd580 000000002ef24620
0x00000000c21ddba8:   00000000604b627a 00000000c21de2c0
0x00000000c21ddbb8:   00000000c21ddcb0 000000005e2961d8
0x00000000c21ddbc8:   00000000fabbd448 00000000e97cb9f0
0x00000000c21ddbd8:   00000000e97cc078 0000000000000000
0x00000000c21ddbe8:   0000000100000000 00000000e816d638
0x00000000c21ddbf8:   00000000fabbd448 0000000000000000
0x00000000c21ddc08:   0000000000000000 0000000000000001
0x00000000c21ddc18:   00000000ea86aad0 0000000000000000
0x00000000c21ddc28:   00000000c21de2b8 000000005e2961d8 

Instructions: (pc=0x00000000604f8624)
0x00000000604f8604:   5e 41 5d 41 5c 5f c3 cc 48 8b 41 08 48 05 00 04
0x00000000604f8614:   00 00 c3 cc 48 8b 41 08 48 8b 80 18 0c 00 00 c3
0x00000000604f8624:   48 8b 49 08 48 85 c9 74 05 e9 0e 72 fe ff 33 c0
0x00000000604f8634:   c3 cc cc cc 48 83 ec 28 48 8b 49 08 48 85 c9 74 


Register to memory mapping:

RAX=0x000000000000000d is an unknown value
RBX=0x000000005e2961d8 is an unknown value
RCX=0x0000000000000000 is an unknown value
RDX=0x00000000190126e9 is an unknown value
RSP=0x00000000c21ddb38 is pointing into the stack for thread: 0x000000005e296000
RBP=0x000000005e2961d8 is an unknown value
RSI=0x0000000039358730 is an unknown value
RDI=0x00000000a31533a0 is an unknown value
R8 =0x00000000000074bb is an unknown value
R9 =0x0000000013950000 is an unknown value
R10=0x00000000001926e9 is an unknown value
R11=0x0000000000000246 is an unknown value
R12=0x00000000190126e9 is an unknown value
R13=0x0000000000000000 is an unknown value
R14=0x00000000c21de2d0 is pointing into the stack for thread: 0x000000005e296000
R15=0x000000005e296000 is a thread


Stack: [0x00000000be1e0000,0x00000000c21e0000],  sp=0x00000000c21ddb38,  free space=65526k
Native frames: (J=compiled Java code, j=interpreted, Vv=VM code, C=native code)
C  0x00000000604f8624

Java frames: (J=compiled Java code, j=interpreted, Vv=VM code)
j  sun.java2d.windows.GDIBlitLoops.nativeBlit(Lsun/java2d/SurfaceData;Lsun/java2d/SurfaceData;Lsun/java2d/pipe/Region;IIIIIIIIIZ)V+0
j  sun.java2d.windows.GDIBlitLoops.Blit(Lsun/java2d/SurfaceData;Lsun/java2d/SurfaceData;Ljava/awt/Composite;Lsun/java2d/pipe/Region;IIIIII)V+33
J  sun.java2d.pipe.DrawImage.copyImage(Lsun/java2d/SunGraphics2D;Ljava/awt/Image;IILjava/awt/Color;Ljava/awt/image/ImageObserver;)Z
J  javax.swing.RepaintManager$PaintManager.paintDoubleBuffered(Ljavax/swing/JComponent;Ljava/awt/Image;Ljava/awt/Graphics;IIII)V
J  javax.swing.RepaintManager$PaintManager.paint(Ljavax/swing/JComponent;Ljavax/swing/JComponent;Ljava/awt/Graphics;IIII)Z
j  javax.swing.RepaintManager.paint(Ljavax/swing/JComponent;Ljavax/swing/JComponent;Ljava/awt/Graphics;IIII)V+52
j  javax.swing.JComponent.paint(Ljava/awt/Graphics;)V+221
j  java.awt.GraphicsCallback$PaintCallback.run(Ljava/awt/Component;Ljava/awt/Graphics;)V+2
j  sun.awt.SunGraphicsCallback.runOneComponent(Ljava/awt/Component;Ljava/awt/Rectangle;Ljava/awt/Graphics;Ljava/awt/Shape;I)V+155
j  sun.awt.SunGraphicsCallback.runComponents([Ljava/awt/Component;Ljava/awt/Graphics;I)V+194
j  java.awt.Container.paint(Ljava/awt/Graphics;)V+58
j  java.awt.Window.paint(Ljava/awt/Graphics;)V+68
j  javax.swing.RepaintManager.paintDirtyRegions(Ljava/util/Map;)V+239
j  javax.swing.RepaintManager.paintDirtyRegions()V+46
j  javax.swing.RepaintManager.prePaintDirtyRegions()V+73
j  javax.swing.RepaintManager.access$700(Ljavax/swing/RepaintManager;)V+1
j  javax.swing.RepaintManager$ProcessingRunnable.run()V+37
J  java.awt.EventQueue$3.run()Ljava/lang/Object;
v  ~StubRoutines::call_stub
J  java.security.AccessController.doPrivileged(Ljava/security/PrivilegedAction;Ljava/security/AccessControlContext;)Ljava/lang/Object;
J  java.awt.EventDispatchThread.pumpOneEventForFilters(I)V
J  java.awt.EventDispatchThread.pumpEventsForFilter(ILjava/awt/Conditional;Ljava/awt/EventFilter;)V
j  java.awt.EventDispatchThread.pumpEventsForHierarchy(ILjava/awt/Conditional;Ljava/awt/Component;)V+11
j  java.awt.EventDispatchThread.pumpEvents(ILjava/awt/Conditional;)V+4
j  java.awt.EventDispatchThread.pumpEvents(Ljava/awt/Conditional;)V+3
j  java.awt.EventDispatchThread.run()V+9
v  ~StubRoutines::call_stub

---------------  P R O C E S S  ---------------

Java Threads: ( => current thread )
  0x000000005e299000 JavaThread "Swing-Shell" daemon [_thread_blocked, id=3812, stack(0x000000013a410000,0x000000013e410000)]
  0x0000000031322000 JavaThread "Code Analyzer updating thread" [_thread_blocked, id=22388, stack(0x0000000164030000,0x0000000168030000)]
  0x0000000031323800 JavaThread "Code Analyzer updating thread" [_thread_blocked, id=20176, stack(0x0000000158030000,0x000000015c030000)]
  0x0000000031321000 JavaThread "Code Analyzer updating thread" [_thread_blocked, id=26972, stack(0x0000000140030000,0x0000000144030000)]
  0x0000000031320800 JavaThread "Code Analyzer updating thread" [_thread_blocked, id=27632, stack(0x0000000136410000,0x000000013a410000)]
  0x000000003131f000 JavaThread "Active Reference Queue Daemon" daemon [_thread_blocked, id=25576, stack(0x000000012e410000,0x0000000132410000)]
  0x0000000031317800 JavaThread "Timer-1" daemon [_thread_blocked, id=4872, stack(0x000000012a410000,0x000000012e410000)]
  0x000000003131c800 JavaThread "ClipboardMonitor Timer" daemon [_thread_blocked, id=22308, stack(0x0000000122410000,0x0000000126410000)]
  0x000000003131a800 JavaThread "Explorer NavigationContext request queue" daemon [_thread_blocked, id=22696, stack(0x000000010a410000,0x000000010e410000)]
  0x000000003131d800 JavaThread "AddressBar directory emptiness poller" daemon [_thread_blocked, id=21100, stack(0x00000000a8180000,0x00000000ac180000)]
  0x0000000031318000 JavaThread "Explorer Refresh Service 366666418" daemon [_thread_blocked, id=4088, stack(0x00000000a4180000,0x00000000a8180000)]
  0x0000000031319000 JavaThread "Thread-4" daemon [_thread_blocked, id=26940, stack(0x000000008fff0000,0x0000000093ff0000)]
  0x000000003131f800 JavaThread "TimerQueue" daemon [_thread_blocked, id=22940, stack(0x00000000ce1e0000,0x00000000d21e0000)]
  0x000000005e298000 JavaThread "Thread-3" daemon [_thread_blocked, id=21756, stack(0x00000000c21e0000,0x00000000c61e0000)]
=>0x000000005e296000 JavaThread "AWT-EventQueue-0" [_thread_in_native, id=4512, stack(0x00000000be1e0000,0x00000000c21e0000)]
  0x000000005e297800 JavaThread "AWT-Shutdown" [_thread_blocked, id=24552, stack(0x00000000ba1e0000,0x00000000be1e0000)]
  0x000000005df03000 JavaThread "FelixPackageAdmin" daemon [_thread_blocked, id=23660, stack(0x00000000b61e0000,0x00000000ba1e0000)]
  0x000000005da5b800 JavaThread "FelixStartLevel" daemon [_thread_blocked, id=25380, stack(0x00000000b21e0000,0x00000000b61e0000)]
  0x000000005de10000 JavaThread "FelixDispatchQueue" daemon [_thread_blocked, id=22600, stack(0x00000000ae1e0000,0x00000000b21e0000)]
  0x000000005d908000 JavaThread "com.google.common.base.internal.Finalizer" daemon [_thread_blocked, id=20572, stack(0x000000009bff0000,0x000000009fff0000)]
  0x000000005d828000 JavaThread "AWT-Windows" daemon [_thread_in_native, id=18764, stack(0x0000000093ff0000,0x0000000097ff0000)]
  0x000000005d685000 JavaThread "Java2D Disposer" daemon [_thread_blocked, id=7728, stack(0x000000008bff0000,0x000000008fff0000)]
  0x000000005d6d4000 JavaThread "Timer-0" [_thread_blocked, id=9184, stack(0x0000000087ff0000,0x000000008bff0000)]
  0x0000000034f6d800 JavaThread "EventMgr Dispatcher" daemon [_thread_in_native, id=25804, stack(0x0000000083ff0000,0x0000000087ff0000)]
  0x00000000349ee000 JavaThread "Service Thread" daemon [_thread_blocked, id=5128, stack(0x000000007bf60000,0x000000007ff60000)]
  0x00000000349e9800 JavaThread "C2 CompilerThread1" daemon [_thread_blocked, id=23828, stack(0x0000000077f60000,0x000000007bf60000)]
  0x00000000349e8000 JavaThread "C2 CompilerThread0" daemon [_thread_blocked, id=22260, stack(0x0000000073f60000,0x0000000077f60000)]
  0x00000000349e7800 JavaThread "Attach Listener" daemon [_thread_blocked, id=20132, stack(0x000000006ff60000,0x0000000073f60000)]
  0x000000003492f800 JavaThread "Finalizer" daemon [_thread_blocked, id=25204, stack(0x0000000062890000,0x0000000066890000)]
  0x0000000034927800 JavaThread "Reference Handler" daemon [_thread_blocked, id=5060, stack(0x00000000587f0000,0x000000005c7f0000)]
  0x000000001637e000 JavaThread "main" [_thread_in_native, id=20508, stack(0x0000000000400000,0x0000000004400000)]

Other Threads:
  0x0000000034925000 VMThread [stack: 0x00000000547f0000,0x00000000587f0000] [id=21124]
  0x0000000034a48800 WatcherThread [stack: 0x000000007fff0000,0x0000000083ff0000] [id=16836]

VM state:not at safepoint (normal execution)

VM Mutex/Monitor currently owned by a thread: None

Heap
 PSYoungGen      total 70144K, used 12850K [0x00000000fa000000, 0x00000000ff5f0000, 0x0000000100000000)
  eden space 69760K, 17% used [0x00000000fa000000,0x00000000fac32ad0,0x00000000fe420000)
  from space 384K, 93% used [0x00000000fecd0000,0x00000000fed29f60,0x00000000fed30000)
  to   space 8896K, 0% used [0x00000000fe420000,0x00000000fe420000,0x00000000fecd0000)
 ParOldGen       total 145152K, used 118438K [0x00000000e8000000, 0x00000000f0dc0000, 0x00000000fa000000)
  object space 145152K, 81% used [0x00000000e8000000,0x00000000ef3a9ab0,0x00000000f0dc0000)
 PSPermGen       total 110144K, used 61977K [0x00000000e0000000, 0x00000000e6b90000, 0x00000000e8000000)
  object space 110144K, 56% used [0x00000000e0000000,0x00000000e3c86558,0x00000000e6b90000)

Card table byte_map: [0x0000000018010000,0x0000000018120000] byte_map_base: 0x0000000017910000

Polling page: 0x0000000017f10000

Code Cache  [0x0000000034f70000, 0x0000000035830000, 0x0000000037f70000)
 total_blobs=3605 nmethods=2924 adapters=628 free_code_cache=40373Kb largest_free_block=41201024

Compilation events (10 events):
Event: 18457.278 Thread 0x00000000349e8000 3141             sun.java2d.SunGraphics2D::validatePipe (29 bytes)
Event: 18457.279 Thread 0x00000000349e8000 nmethod 3141 0x000000003581a950 code [0x000000003581aaa0, 0x000000003581ab68]
Event: 18706.310 Thread 0x00000000349e9800 3142             com.mathworks.mde.editor.EditorStatusBar::getStatusFunctionPrefix (83 bytes)
Event: 18706.332 Thread 0x00000000349e9800 nmethod 3142 0x000000003581b950 code [0x000000003581bb40, 0x000000003581c140]
Event: 22117.259 Thread 0x00000000349e8000 3143   !         com.mathworks.util.RequestQueue$2::run (50 bytes)
Event: 22117.264 Thread 0x00000000349e8000 nmethod 3143 0x0000000035820e50 code [0x0000000035820fe0, 0x0000000035821420]
Event: 23197.391 Thread 0x00000000349e9800 3144             com.mathworks.mlwidgets.explorer.model.table.NameColumn$1::convert (9 bytes)
Event: 23197.391 Thread 0x00000000349e8000 3145             com.mathworks.mlwidgets.explorer.model.table.NameColumn$1::convert (87 bytes)
Event: 23197.397 Thread 0x00000000349e8000 nmethod 3145 0x000000003544c0d0 code [0x000000003544c240, 0x000000003544c3d8]
Event: 23197.397 Thread 0x00000000349e9800 nmethod 3144 0x000000003539ae50 code [0x000000003539afc0, 0x000000003539b178]

GC Heap History (10 events):
Event: 23668.375 GC heap before
{Heap before GC invocations=320 (full 6):
 PSYoungGen      total 76928K, used 76928K [0x00000000fa000000, 0x00000000feda0000, 0x0000000100000000)
  eden space 76672K, 100% used [0x00000000fa000000,0x00000000feae0000,0x00000000feae0000)
  from space 256K, 100% used [0x00000000fed30000,0x00000000fed70000,0x00000000fed70000)
  to   space 192K, 0% used [0x00000000fed70000,0x00000000fed70000,0x00000000feda0000)
 ParOldGen       total 145152K, used 95436K [0x00000000e8000000, 0x00000000f0dc0000, 0x00000000fa000000)
  object space 145152K, 65% used [0x00000000e8000000,0x00000000edd33080,0x00000000f0dc0000)
 PSPermGen       total 110144K, used 61966K [0x00000000e0000000, 0x00000000e6b90000, 0x00000000e8000000)
  object space 110144K, 56% used [0x00000000e0000000,0x00000000e3c83b38,0x00000000e6b90000)
Event: 23668.378 GC heap after
Heap after GC invocations=320 (full 6):
 PSYoungGen      total 74560K, used 192K [0x00000000fa000000, 0x00000000feda0000, 0x0000000100000000)
  eden space 74368K, 0% used [0x00000000fa000000,0x00000000fa000000,0x00000000fe8a0000)
  from space 192K, 100% used [0x00000000fed70000,0x00000000feda0000,0x00000000feda0000)
  to   space 384K, 0% used [0x00000000fece0000,0x00000000fece0000,0x00000000fed40000)
 ParOldGen       total 145152K, used 95436K [0x00000000e8000000, 0x00000000f0dc0000, 0x00000000fa000000)
  object space 145152K, 65% used [0x00000000e8000000,0x00000000edd33080,0x00000000f0dc0000)
 PSPermGen       total 110144K, used 61966K [0x00000000e0000000, 0x00000000e6b90000, 0x00000000e8000000)
  object space 110144K, 56% used [0x00000000e0000000,0x00000000e3c83b38,0x00000000e6b90000)
}
Event: 23797.257 GC heap before
{Heap before GC invocations=321 (full 6):
 PSYoungGen      total 74560K, used 74560K [0x00000000fa000000, 0x00000000feda0000, 0x0000000100000000)
  eden space 74368K, 100% used [0x00000000fa000000,0x00000000fe8a0000,0x00000000fe8a0000)
  from space 192K, 100% used [0x00000000fed70000,0x00000000feda0000,0x00000000feda0000)
  to   space 384K, 0% used [0x00000000fece0000,0x00000000fece0000,0x00000000fed40000)
 ParOldGen       total 145152K, used 95436K [0x00000000e8000000, 0x00000000f0dc0000, 0x00000000fa000000)
  object space 145152K, 65% used [0x00000000e8000000,0x00000000edd33080,0x00000000f0dc0000)
 PSPermGen       total 110144K, used 61966K [0x00000000e0000000, 0x00000000e6b90000, 0x00000000e8000000)
  object space 110144K, 56% used [0x00000000e0000000,0x00000000e3c83b38,0x00000000e6b90000)
Event: 23797.264 GC heap after
Heap after GC invocations=321 (full 6):
 PSYoungGen      total 72384K, used 192K [0x00000000fa000000, 0x00000000fed80000, 0x0000000100000000)
  eden space 72192K, 0% used [0x00000000fa000000,0x00000000fa000000,0x00000000fe680000)
  from space 192K, 100% used [0x00000000fece0000,0x00000000fed10000,0x00000000fed10000)
  to   space 384K, 0% used [0x00000000fed20000,0x00000000fed20000,0x00000000fed80000)
 ParOldGen       total 145152K, used 95436K [0x00000000e8000000, 0x00000000f0dc0000, 0x00000000fa000000)
  object space 145152K, 65% used [0x00000000e8000000,0x00000000edd33080,0x00000000f0dc0000)
 PSPermGen       total 110144K, used 61966K [0x00000000e0000000, 0x00000000e6b90000, 0x00000000e8000000)
  object space 110144K, 56% used [0x00000000e0000000,0x00000000e3c83b38,0x00000000e6b90000)
}
Event: 23917.278 GC heap before
{Heap before GC invocations=322 (full 6):
 PSYoungGen      total 72384K, used 72384K [0x00000000fa000000, 0x00000000fed80000, 0x0000000100000000)
  eden space 72192K, 100% used [0x00000000fa000000,0x00000000fe680000,0x00000000fe680000)
  from space 192K, 100% used [0x00000000fece0000,0x00000000fed10000,0x00000000fed10000)
  to   space 384K, 0% used [0x00000000fed20000,0x00000000fed20000,0x00000000fed80000)
 ParOldGen       total 145152K, used 95436K [0x00000000e8000000, 0x00000000f0dc0000, 0x00000000fa000000)
  object space 145152K, 65% used [0x00000000e8000000,0x00000000edd33080,0x00000000f0dc0000)
 PSPermGen       total 110144K, used 61966K [0x00000000e0000000, 0x00000000e6b90000, 0x00000000e8000000)
  object space 110144K, 56% used [0x00000000e0000000,0x00000000e3c83b38,0x00000000e6b90000)
Event: 23917.282 GC heap after
Heap after GC invocations=322 (full 6):
 PSYoungGen      total 70272K, used 192K [0x00000000fa000000, 0x00000000fed50000, 0x0000000100000000)
  eden space 70080K, 0% used [0x00000000fa000000,0x00000000fa000000,0x00000000fe470000)
  from space 192K, 100% used [0x00000000fed20000,0x00000000fed50000,0x00000000fed50000)
  to   space 384K, 0% used [0x00000000fec90000,0x00000000fec90000,0x00000000fecf0000)
 ParOldGen       total 145152K, used 95436K [0x00000000e8000000, 0x00000000f0dc0000, 0x00000000fa000000)
  object space 145152K, 65% used [0x00000000e8000000,0x00000000edd33080,0x00000000f0dc0000)
 PSPermGen       total 110144K, used 61966K [0x00000000e0000000, 0x00000000e6b90000, 0x00000000e8000000)
  object space 110144K, 56% used [0x00000000e0000000,0x00000000e3c83b38,0x00000000e6b90000)
}
Event: 24037.266 GC heap before
{Heap before GC invocations=323 (full 6):
 PSYoungGen      total 70272K, used 70272K [0x00000000fa000000, 0x00000000fed50000, 0x0000000100000000)
  eden space 70080K, 100% used [0x00000000fa000000,0x00000000fe470000,0x00000000fe470000)
  from space 192K, 100% used [0x00000000fed20000,0x00000000fed50000,0x00000000fed50000)
  to   space 384K, 0% used [0x00000000fec90000,0x00000000fec90000,0x00000000fecf0000)
 ParOldGen       total 145152K, used 95436K [0x00000000e8000000, 0x00000000f0dc0000, 0x00000000fa000000)
  object space 145152K, 65% used [0x00000000e8000000,0x00000000edd33080,0x00000000f0dc0000)
 PSPermGen       total 110144K, used 61966K [0x00000000e0000000, 0x00000000e6b90000, 0x00000000e8000000)
  object space 110144K, 56% used [0x00000000e0000000,0x00000000e3c83b38,0x00000000e6b90000)
Event: 24037.269 GC heap after
Heap after GC invocations=323 (full 6):
 PSYoungGen      total 68352K, used 224K [0x00000000fa000000, 0x00000000fed30000, 0x0000000100000000)
  eden space 68096K, 0% used [0x00000000fa000000,0x00000000fa000000,0x00000000fe280000)
  from space 256K, 87% used [0x00000000fec90000,0x00000000fecc8000,0x00000000fecd0000)
  to   space 384K, 0% used [0x00000000fecd0000,0x00000000fecd0000,0x00000000fed30000)
 ParOldGen       total 145152K, used 95436K [0x00000000e8000000, 0x00000000f0dc0000, 0x00000000fa000000)
  object space 145152K, 65% used [0x00000000e8000000,0x00000000edd33080,0x00000000f0dc0000)
 PSPermGen       total 110144K, used 61966K [0x00000000e0000000, 0x00000000e6b90000, 0x00000000e8000000)
  object space 110144K, 56% used [0x00000000e0000000,0x00000000e3c83b38,0x00000000e6b90000)
}
Event: 24127.571 GC heap before
{Heap before GC invocations=324 (full 6):
 PSYoungGen      total 68352K, used 68320K [0x00000000fa000000, 0x00000000fed30000, 0x0000000100000000)
  eden space 68096K, 100% used [0x00000000fa000000,0x00000000fe280000,0x00000000fe280000)
  from space 256K, 87% used [0x00000000fec90000,0x00000000fecc8000,0x00000000fecd0000)
  to   space 384K, 0% used [0x00000000fecd0000,0x00000000fecd0000,0x00000000fed30000)
 ParOldGen       total 145152K, used 95436K [0x00000000e8000000, 0x00000000f0dc0000, 0x00000000fa000000)
  object space 145152K, 65% used [0x00000000e8000000,0x00000000edd33080,0x00000000f0dc0000)
 PSPermGen       total 110144K, used 61977K [0x00000000e0000000, 0x00000000e6b90000, 0x00000000e8000000)
  object space 110144K, 56% used [0x00000000e0000000,0x00000000e3c86558,0x00000000e6b90000)
Event: 24129.313 GC heap after
Heap after GC invocations=324 (full 6):
 PSYoungGen      total 70144K, used 359K [0x00000000fa000000, 0x00000000ff5f0000, 0x0000000100000000)
  eden space 69760K, 0% used [0x00000000fa000000,0x00000000fa000000,0x00000000fe420000)
  from space 384K, 93% used [0x00000000fecd0000,0x00000000fed29f60,0x00000000fed30000)
  to   space 8896K, 0% used [0x00000000fe420000,0x00000000fe420000,0x00000000fecd0000)
 ParOldGen       total 145152K, used 118438K [0x00000000e8000000, 0x00000000f0dc0000, 0x00000000fa000000)
  object space 145152K, 81% used [0x00000000e8000000,0x00000000ef3a9ab0,0x00000000f0dc0000)
 PSPermGen       total 110144K, used 61977K [0x00000000e0000000, 0x00000000e6b90000, 0x00000000e8000000)
  object space 110144K, 56% used [0x00000000e0000000,0x00000000e3c86558,0x00000000e6b90000)
}

Deoptimization events (10 events):
Event: 18628.853 Thread 0x000000005e296000 Uncommon trap -34 fr.pc 0x0000000035795688
Event: 18628.860 Thread 0x000000005e296000 Uncommon trap -58 fr.pc 0x00000000356d49c8
Event: 18628.861 Thread 0x000000005e296000 Uncommon trap -83 fr.pc 0x000000003510e6c0
Event: 18630.560 Thread 0x000000005e296000 Uncommon trap -34 fr.pc 0x0000000035795688
Event: 18630.582 Thread 0x000000005e296000 Uncommon trap -58 fr.pc 0x00000000356d49c8
Event: 18633.121 Thread 0x000000005e296000 Uncommon trap -34 fr.pc 0x0000000035795688
Event: 24118.824 Thread 0x000000005e296000 Uncommon trap -83 fr.pc 0x000000003511f45c
Event: 24142.255 Thread 0x000000005e296000 Uncommon trap -83 fr.pc 0x00000000354cc2bc
Event: 24142.970 Thread 0x000000005e296000 Uncommon trap -83 fr.pc 0x00000000354010a0
Event: 24144.844 Thread 0x000000005e296000 Uncommon trap -12 fr.pc 0x000000003565df04

Internal exceptions (10 events):
Event: 18563.888 Thread 0x000000005e296000 Threw 0x00000000fd6300a0 at C:\jdk7u1_64p\jdk7u11\hotspot\src\share\vm\classfile\systemDictionary.cpp:179
Event: 18563.888 Thread 0x000000005e296000 Threw 0x00000000fd630678 at C:\jdk7u1_64p\jdk7u11\hotspot\src\share\vm\prims\jvm.cpp:1166
Event: 18563.888 Thread 0x000000005e296000 Threw 0x00000000fd647100 at C:\jdk7u1_64p\jdk7u11\hotspot\src\share\vm\prims\jvm.cpp:1166
Event: 18563.888 Thread 0x000000005e296000 Threw 0x00000000fd6475c8 at C:\jdk7u1_64p\jdk7u11\hotspot\src\share\vm\classfile\systemDictionary.cpp:179
Event: 18563.888 Thread 0x000000005e296000 Threw 0x00000000fd647c60 at C:\jdk7u1_64p\jdk7u11\hotspot\src\share\vm\prims\jvm.cpp:1166
Event: 18563.889 Thread 0x000000005e296000 Threw 0x00000000fd66db58 at C:\jdk7u1_64p\jdk7u11\hotspot\src\share\vm\prims\jvm.cpp:1166
Event: 18563.889 Thread 0x000000005e296000 Threw 0x00000000fd66dff0 at C:\jdk7u1_64p\jdk7u11\hotspot\src\share\vm\classfile\systemDictionary.cpp:179
Event: 18563.889 Thread 0x000000005e296000 Threw 0x00000000fd66e780 at C:\jdk7u1_64p\jdk7u11\hotspot\src\share\vm\prims\jvm.cpp:1166
Event: 18563.889 Thread 0x000000005e296000 Threw 0x00000000fd68ef98 at C:\jdk7u1_64p\jdk7u11\hotspot\src\share\vm\prims\jvm.cpp:1166
Event: 24144.844 Thread 0x000000005e296000 Implicit null exception at 0x000000003565ddef to 0x000000003565def5

Events (10 events):
Event: 24127.567 Executing VM operation: ParallelGCFailedAllocation
Event: 24129.313 Executing VM operation: ParallelGCFailedAllocation done
Event: 24142.255 Thread 0x000000005e296000 DEOPT PACKING pc=0x00000000354cc2bc sp=0x00000000c21df320
Event: 24142.255 Thread 0x000000005e296000 DEOPT UNPACKING pc=0x0000000034fa9164 sp=0x00000000c21df218 mode 2
Event: 24142.971 Thread 0x000000005e296000 DEOPT PACKING pc=0x00000000354010a0 sp=0x00000000c21de0d0
Event: 24142.971 Thread 0x000000005e296000 DEOPT UNPACKING pc=0x0000000034fa9164 sp=0x00000000c21ddd28 mode 2
Event: 24144.497 Executing VM operation: RevokeBias
Event: 24144.499 Executing VM operation: RevokeBias done
Event: 24144.844 Thread 0x000000005e296000 DEOPT PACKING pc=0x000000003565df04 sp=0x00000000c21dd610
Event: 24144.844 Thread 0x000000005e296000 DEOPT UNPACKING pc=0x0000000034fa9164 sp=0x00000000c21dd5b8 mode 2


Dynamic libraries:
0x0000000140000000 - 0x0000000140029000 	C:\Program Files\MATLAB\R2013b\bin\win64\MATLAB.exe
0x00007ff9ca020000 - 0x00007ff9ca1f1000 	C:\WINDOWS\SYSTEM32\ntdll.dll
0x00007ff9c9e00000 - 0x00007ff9c9eac000 	C:\WINDOWS\System32\KERNEL32.DLL
0x00007ff9c6870000 - 0x00007ff9c6a8d000 	C:\WINDOWS\System32\KERNELBASE.dll
0x000000006f060000 - 0x000000006f3dc000 	C:\Program Files\MATLAB\R2013b\bin\win64\libmwservices.dll
0x000000006e4d0000 - 0x000000006e57d000 	C:\Program Files\MATLAB\R2013b\bin\win64\mcr.dll
0x000000006ad70000 - 0x000000006aedf000 	C:\Program Files\MATLAB\R2013b\bin\win64\mvm.dll
0x0000000061cc0000 - 0x0000000061d58000 	C:\Program Files\MATLAB\R2013b\bin\win64\MSVCP100.dll
0x0000000061be0000 - 0x0000000061cb2000 	C:\Program Files\MATLAB\R2013b\bin\win64\MSVCR100.dll
0x00007ff9c90d0000 - 0x00007ff9c9172000 	C:\WINDOWS\System32\ADVAPI32.dll
0x00007ff9c9610000 - 0x00007ff9c9775000 	C:\WINDOWS\System32\USER32.dll
0x00007ff9c9240000 - 0x00007ff9c92de000 	C:\WINDOWS\System32\msvcrt.dll
0x00007ff9c65c0000 - 0x00007ff9c65de000 	C:\WINDOWS\System32\win32u.dll
0x00007ff9c8f80000 - 0x00007ff9c8fd9000 	C:\WINDOWS\System32\sechost.dll
0x00007ff9c9090000 - 0x00007ff9c90c4000 	C:\WINDOWS\System32\GDI32.dll
0x00007ff9c77c0000 - 0x00007ff9c78e1000 	C:\WINDOWS\System32\RPCRT4.dll
0x00007ff9c66f0000 - 0x00007ff9c6870000 	C:\WINDOWS\System32\gdi32full.dll
0x00007ff9c7a60000 - 0x00007ff9c8f68000 	C:\WINDOWS\System32\SHELL32.dll
0x000000006fe80000 - 0x000000006ff56000 	C:\Program Files\MATLAB\R2013b\bin\win64\libmwi18n.dll
0x00007ff9c6b90000 - 0x00007ff9c6bd2000 	C:\WINDOWS\System32\cfgmgr32.dll
0x00007ff9c9f20000 - 0x00007ff9ca01a000 	C:\WINDOWS\System32\COMDLG32.dll
0x00007ff9c6ed0000 - 0x00007ff9c75aa000 	C:\WINDOWS\System32\windows.storage.dll
0x00007ff9c9340000 - 0x00007ff9c9608000 	C:\WINDOWS\System32\combase.dll
0x00007ff9c64d0000 - 0x00007ff9c651c000 	C:\WINDOWS\System32\powrprof.dll
0x00007ff9c6a90000 - 0x00007ff9c6b85000 	C:\WINDOWS\System32\ucrtbase.dll
0x0000000004400000 - 0x00000000044bb000 	C:\Program Files\MATLAB\R2013b\bin\win64\libut.dll
0x00007ff9c6c90000 - 0x00007ff9c6cfa000 	C:\WINDOWS\System32\bcryptPrimitives.dll
0x00007ff9c92e0000 - 0x00007ff9c9332000 	C:\WINDOWS\System32\shlwapi.dll
0x00007ff9c6640000 - 0x00007ff9c66e9000 	C:\WINDOWS\System32\shcore.dll
0x00007ff9c64c0000 - 0x00007ff9c64cf000 	C:\WINDOWS\System32\kernel.appcore.dll
0x00007ff9c9eb0000 - 0x00007ff9c9f1a000 	C:\WINDOWS\System32\WS2_32.dll
0x00007ff9c6490000 - 0x00007ff9c64a4000 	C:\WINDOWS\System32\profapi.dll
0x00007ff9c9bc0000 - 0x00007ff9c9cf8000 	C:\WINDOWS\System32\ole32.dll
0x00007ff9c7a50000 - 0x00007ff9c7a58000 	C:\WINDOWS\System32\PSAPI.DLL
0x000000006f960000 - 0x000000006fb07000 	C:\Program Files\MATLAB\R2013b\bin\win64\libmwfl.dll
0x00007ff9c9180000 - 0x00007ff9c923f000 	C:\WINDOWS\System32\OLEAUT32.dll
0x00007ff9c6520000 - 0x00007ff9c65bc000 	C:\WINDOWS\System32\msvcp_win.dll
0x00000000044c0000 - 0x00000000045bb000 	C:\Program Files\MATLAB\R2013b\bin\win64\libmx.dll
0x000000006e110000 - 0x000000006e4d0000 	C:\Program Files\MATLAB\R2013b\bin\win64\iqm.dll
0x00007ff9c9010000 - 0x00007ff9c902c000 	C:\WINDOWS\System32\imagehlp.dll
0x000000006ef00000 - 0x000000006ef4e000 	C:\Program Files\MATLAB\R2013b\bin\win64\libmwregexp.dll
0x000000006c710000 - 0x000000006c73f000 	C:\Program Files\MATLAB\R2013b\bin\win64\libmwbridge.dll
0x000000006eeb0000 - 0x000000006eef7000 	C:\Program Files\MATLAB\R2013b\bin\win64\mpath.dll
0x00000000106d0000 - 0x0000000010cf8000 	C:\Program Files\MATLAB\R2013b\bin\win64\mlutil.dll
0x000000006d760000 - 0x000000006d784000 	C:\Program Files\MATLAB\R2013b\bin\win64\libmex.dll
0x0000000010d00000 - 0x000000001110f000 	C:\Program Files\MATLAB\R2013b\bin\win64\libmwMATLAB_res.dll
0x000000006e5f0000 - 0x000000006e613000 	C:\Program Files\MATLAB\R2013b\bin\win64\libmwMATLAB_settings_res.dll
0x000000006e580000 - 0x000000006e586000 	C:\Program Files\MATLAB\R2013b\bin\win64\libmwnativedisplay.dll
0x00000000685f0000 - 0x000000006863d000 	C:\Program Files\MATLAB\R2013b\bin\win64\opccore.dll
0x0000000011110000 - 0x00000000111d2000 	C:\Program Files\MATLAB\R2013b\bin\win64\m_dispatcher.dll
0x00000000684f0000 - 0x00000000685c6000 	C:\Program Files\MATLAB\R2013b\bin\win64\opcmodel.dll
0x0000000180000000 - 0x0000000180262000 	C:\Program Files\MATLAB\R2013b\bin\win64\mcos.dll
0x00000000684c0000 - 0x00000000684ed000 	C:\Program Files\MATLAB\R2013b\bin\win64\opczippackage.dll
0x000000006c500000 - 0x000000006c651000 	C:\Program Files\MATLAB\R2013b\bin\win64\libmwgui.dll
0x0000000068340000 - 0x00000000683a6000 	C:\Program Files\MATLAB\R2013b\bin\win64\opcmwservices.dll
0x0000000061bd0000 - 0x0000000061bde000 	C:\Program Files\MATLAB\R2013b\bin\win64\boost_date_time-vc100-mt-1_49.dll
0x000000006bac0000 - 0x000000006c426000 	C:\Program Files\MATLAB\R2013b\bin\win64\hg.dll
0x000000006b3a0000 - 0x000000006b4b2000 	C:\Program Files\MATLAB\R2013b\bin\win64\hgutils.dll
0x00000000111e0000 - 0x00000000119db000 	C:\Program Files\MATLAB\R2013b\bin\win64\m_interpreter.dll
0x0000000061ba0000 - 0x0000000061bcc000 	C:\Program Files\MATLAB\R2013b\bin\win64\boost_filesystem-vc100-mt-1_49.dll
0x000000006b780000 - 0x000000006b848000 	C:\Program Files\MATLAB\R2013b\bin\win64\jmi.dll
0x0000000061b90000 - 0x0000000061ba0000 	C:\Program Files\MATLAB\R2013b\bin\win64\boost_iostreams-vc100-mt-1_49.dll
0x0000000061b40000 - 0x0000000061b86000 	C:\Program Files\MATLAB\R2013b\bin\win64\boost_serialization-vc100-mt-1_49.dll
0x00000000618c0000 - 0x00000000618c9000 	C:\Program Files\MATLAB\R2013b\bin\win64\boost_system-vc100-mt-1_49.dll
0x0000000061b20000 - 0x0000000061b31000 	C:\Program Files\MATLAB\R2013b\bin\win64\boost_thread-vc100-mt-1_49.dll
0x000000006b2f0000 - 0x000000006b39e000 	C:\Program Files\MATLAB\R2013b\bin\win64\udd_mi.dll
0x000000006afc0000 - 0x000000006b28f000 	C:\Program Files\MATLAB\R2013b\bin\win64\uiw.dll
0x000000006af50000 - 0x000000006af6d000 	C:\Program Files\MATLAB\R2013b\bin\win64\mwoles05.DLL
0x0000000061a90000 - 0x0000000061b1c000 	C:\Program Files\MATLAB\R2013b\bin\win64\boost_log-vc100-mt-1_49.dll
0x000000006aee0000 - 0x000000006af4c000 	C:\Program Files\MATLAB\R2013b\bin\win64\comcli.dll
0x0000000000020000 - 0x000000000002c000 	C:\Program Files\MATLAB\R2013b\bin\win64\mlautoregister.dll
0x00007ff9ba1d0000 - 0x00007ff9ba203000 	C:\Program Files\MATLAB\R2013b\bin\win64\tbb.dll
0x00007ff9bba60000 - 0x00007ff9bbb0c000 	C:\WINDOWS\WinSxS\amd64_microsoft.windows.common-controls_6595b64144ccf1df_5.82.14393.447_none_0d5aa7fbb6d35646\COMCTL32.dll
0x000000006fe70000 - 0x000000006fe7d000 	C:\Program Files\MATLAB\R2013b\bin\win64\libmwresource_core.dll
0x0000000061900000 - 0x0000000061a8a000 	C:\Program Files\MATLAB\R2013b\bin\win64\icuin49.dll
0x00000000618d0000 - 0x00000000618f5000 	C:\Program Files\MATLAB\R2013b\bin\win64\LIBEXPAT.dll
0x0000000061780000 - 0x00000000618be000 	C:\Program Files\MATLAB\R2013b\bin\win64\icuuc49.dll
0x0000000061770000 - 0x0000000061780000 	C:\Program Files\MATLAB\R2013b\bin\win64\icuio49.dll
0x00007ff9b6820000 - 0x00007ff9b6838000 	C:\WINDOWS\SYSTEM32\NETAPI32.dll
0x0000000061520000 - 0x0000000061761000 	C:\Program Files\MATLAB\R2013b\bin\win64\xerces-c_2_7.dll
0x0000000061440000 - 0x000000006151f000 	C:\Program Files\MATLAB\R2013b\bin\win64\boost_regex-vc100-mt-1_49.dll
0x0000000061420000 - 0x0000000061431000 	C:\Program Files\MATLAB\R2013b\bin\win64\boost_signals-vc100-mt-1_49.dll
0x00007ff9b05c0000 - 0x00007ff9b05e8000 	C:\Program Files\MATLAB\R2013b\bin\win64\tbbmalloc.dll
0x0000000061400000 - 0x0000000061417000 	C:\Program Files\MATLAB\R2013b\bin\win64\zlib1.dll
0x00000000119e0000 - 0x0000000011a96000 	C:\Program Files\MATLAB\R2013b\bin\win64\udd.dll
0x000000006e870000 - 0x000000006e8e7000 	C:\Program Files\MATLAB\R2013b\bin\win64\xmlcore.dll
0x000000006c4d0000 - 0x000000006c4f8000 	C:\Program Files\MATLAB\R2013b\bin\win64\graphics_util.dll
0x00000000613f0000 - 0x00000000613fe000 	C:\Program Files\MATLAB\R2013b\bin\win64\libminizip.dll
0x000000006ba60000 - 0x000000006babd000 	C:\Program Files\MATLAB\R2013b\bin\win64\libmat.dll
0x000000006b6d0000 - 0x000000006b72e000 	C:\Program Files\MATLAB\R2013b\bin\win64\libuij.dll
0x000000006b730000 - 0x000000006b772000 	C:\Program Files\MATLAB\R2013b\bin\win64\libmwhardcopy.dll
0x0000000011aa0000 - 0x0000000011ca5000 	C:\Program Files\MATLAB\R2013b\bin\win64\hgdatatypes.dll
0x000000006ced0000 - 0x000000006cf4f000 	C:\Program Files\MATLAB\R2013b\bin\win64\libmwlapack.dll
0x000000006b2b0000 - 0x000000006b2e6000 	C:\Program Files\MATLAB\R2013b\bin\win64\libmwgbtutils.dll
0x000000006b290000 - 0x000000006b2a3000 	C:\Program Files\MATLAB\R2013b\bin\win64\libmwgbt.dll
0x0000000060e90000 - 0x00000000613ed000 	C:\Program Files\MATLAB\R2013b\bin\win64\mfc100.dll
0x00007ff9bb9d0000 - 0x00007ff9bba56000 	C:\WINDOWS\SYSTEM32\WINSPOOL.DRV
0x00000000001c0000 - 0x00000000001ce000 	C:\Program Files\MATLAB\R2013b\bin\win64\nativejava_services.dll
0x000000006d6e0000 - 0x000000006d75b000 	C:\Program Files\MATLAB\R2013b\bin\win64\profiler.dll
0x000000006d450000 - 0x000000006d5c8000 	C:\Program Files\MATLAB\R2013b\bin\win64\libmwmathutil.dll
0x000000006d420000 - 0x000000006d447000 	C:\Program Files\MATLAB\R2013b\bin\win64\libmwmathrng.dll
0x000000006ceb0000 - 0x000000006ced0000 	C:\Program Files\MATLAB\R2013b\bin\win64\m_pcodeio.dll
0x000000006ce50000 - 0x000000006ceac000 	C:\Program Files\MATLAB\R2013b\bin\win64\m_ir.dll
0x0000000011cb0000 - 0x0000000012365000 	C:\Program Files\MATLAB\R2013b\bin\win64\m_parser.dll
0x000000006c740000 - 0x000000006c768000 	C:\Program Files\MATLAB\R2013b\bin\win64\m_pcodegen.dll
0x000000006d2b0000 - 0x000000006d313000 	C:\Program Files\MATLAB\R2013b\bin\win64\libmwspmatrix.dll
0x00007ff9c5ee0000 - 0x00007ff9c6072000 	C:\WINDOWS\SYSTEM32\dbghelp.dll
0x000000006afb0000 - 0x000000006afb9000 	C:\Program Files\MATLAB\R2013b\bin\win64\uinone.dll
0x000000006af80000 - 0x000000006afac000 	C:\Program Files\MATLAB\R2013b\bin\win64\libmwnativedialogs.dll
0x00007ff9c6270000 - 0x00007ff9c628b000 	C:\WINDOWS\SYSTEM32\MPR.dll
0x0000000060e60000 - 0x0000000060e8b000 	C:\Program Files\MATLAB\R2013b\bin\win64\ATL100.DLL
0x0000000012370000 - 0x0000000013492000 	C:\Program Files\MATLAB\R2013b\bin\win64\icudt49.dll
0x0000000060da0000 - 0x0000000060e58000 	C:\Program Files\MATLAB\R2013b\bin\win64\libtex_base.dll
0x000000006b850000 - 0x000000006ba58000 	C:\Program Files\MATLAB\R2013b\bin\win64\hdf5dll.dll
0x000000006cf60000 - 0x000000006cf75000 	C:\Program Files\MATLAB\R2013b\bin\win64\libmwbinder.dll
0x000000006cf50000 - 0x000000006cf5b000 	C:\Program Files\MATLAB\R2013b\bin\win64\libmwompwrapper.dll
0x00007ff9bd920000 - 0x00007ff9bd927000 	C:\WINDOWS\SYSTEM32\MSIMG32.dll
0x000000006d410000 - 0x000000006d420000 	C:\Program Files\MATLAB\R2013b\bin\win64\libmwmfl_rng.dll
0x00000000134a0000 - 0x00000000135b8000 	C:\Program Files\MATLAB\R2013b\bin\win64\libmwmathcore.dll
0x000000006c780000 - 0x000000006c797000 	C:\Program Files\MATLAB\R2013b\bin\win64\ir_xfmr.dll
0x000000006c770000 - 0x000000006c780000 	C:\Program Files\MATLAB\R2013b\bin\win64\mtok.dll
0x00007ff9c63d0000 - 0x00007ff9c63fb000 	C:\WINDOWS\SYSTEM32\bcrypt.dll
0x000000006af70000 - 0x000000006af7c000 	C:\Program Files\MATLAB\R2013b\bin\win64\libmwplatform_res.dll
0x000000006cfc0000 - 0x000000006d01c000 	C:\Program Files\MATLAB\R2013b\bin\win64\libmwcholmod.dll
0x000000006cfb0000 - 0x000000006cfbc000 	C:\Program Files\MATLAB\R2013b\bin\win64\libmwamd.dll
0x000000006cfa0000 - 0x000000006cfab000 	C:\Program Files\MATLAB\R2013b\bin\win64\libmwcolamd.dll
0x000000006cf80000 - 0x000000006cf93000 	C:\Program Files\MATLAB\R2013b\bin\win64\libmwblas.dll
0x00007ff9c8fe0000 - 0x00007ff9c900e000 	C:\WINDOWS\System32\IMM32.DLL

VM Arguments:
jvm_args: -XX:PermSize=32m -Xms64m -XX:NewRatio=3 -XX:MaxPermSize=128m -Xmx384m -XX:MaxDirectMemorySize=2147400000 -Dsun.java2d.noddraw=true -Dsun.awt.nopixfmt=true -Xshare:off -Xrs -XX:-UseSplitVerifier -Djava.library.path=C:\Program Files\MATLAB\R2013b\bin\win64;C:\Program Files\MATLAB\R2013b\sys\jxbrowser\win64\lib vfprintf abort -Duser.language=zh -Duser.country=CN 
java_command: <unknown>
Launcher Type: generic

Environment Variables:
PATH=C:\Program Files (x86)\Intel\iCLS Client\;C:\Program Files\Intel\iCLS Client\;C:\Windows\system32;C:\Windows;C:\Windows\System32\Wbem;C:\Windows\System32\WindowsPowerShell\v1.0\;C:\Program Files (x86)\NVIDIA Corporation\PhysX\Common;C:\Program Files (x86)\Intel\Intel(R) Management Engine Components\DAL;C:\Program Files\Intel\Intel(R) Management Engine Components\DAL;C:\Program Files (x86)\Intel\Intel(R) Management Engine Components\IPT;C:\Program Files\Intel\Intel(R) Management Engine Components\IPT;C:\Program Files\MATLAB\R2013b\runtime\win64;C:\Program Files\MATLAB\R2013b\bin;C:\WINDOWS\system32;C:\WINDOWS;C:\WINDOWS\System32\Wbem;C:\WINDOWS\System32\WindowsPowerShell\v1.0\;C:\Program Files\Intel\WiFi\bin\;C:\Program Files\Common Files\Intel\WirelessCommon\;C:\Program Files (x86)\proeWildfire 4.0\bin;C:\Users\DEll\AppData\Local\Microsoft\WindowsApps;C:\Program Files\Intel\WiFi\bin\;C:\Program Files\Common Files\Intel\WirelessCommon\
USERNAME=DEll
OS=Windows_NT
PROCESSOR_IDENTIFIER=Intel64 Family 6 Model 142 Stepping 9, GenuineIntel



---------------  S Y S T E M  ---------------

OS: Windows 8 , 64 bit Build 9200 

CPU:total 4 (2 cores per cpu, 2 threads per core) family 6 model 142 stepping 9, cmov, cx8, fxsr, mmx, sse, sse2, sse3, ssse3, sse4.1, sse4.2, popcnt, avx, avx2, ht, tsc, tscinvbit

Memory: 4k page, physical 16672316k(7245184k free), swap 19162684k(4513928k free)

vm_info: Java HotSpot(TM) 64-Bit Server VM (23.6-b04) for windows-amd64 JRE (1.7.0_11-b21), built on Jan 12 2013 02:38:42 by "java_re" with unknown MS VC++:1600

time: Thu Jul 06 22:20:55 2017
elapsed time: 24150 seconds

