#
# A fatal error has been detected by the Java Runtime Environment:
#
#  EXCEPTION_ACCESS_VIOLATION (0xc0000005) at pc=0x0000000052808624, pid=16392, tid=10276
#
# JRE version: 7.0_11-b21
# Java VM: Java HotSpot(TM) 64-Bit Server VM (23.6-b04 mixed mode windows-amd64 compressed oops)
# Problematic frame:
# C  0x0000000052808624
#
# Failed to write core dump. Minidumps are not enabled by default on client versions of Windows
#
# If you would like to submit a bug report, please visit:
#   http://bugreport.sun.com/bugreport/crash.jsp
# The crash happened outside the Java Virtual Machine in native code.
# See problematic frame for where to report the bug.
#

---------------  T H R E A D  ---------------

Current thread (0x0000000037b09000):  JavaThread "AWT-EventQueue-0" [_thread_in_native, id=10276, stack(0x00000000abff0000,0x00000000afff0000)]

siginfo: ExceptionCode=0xc0000005, reading address 0x0000000000000008

Registers:
RAX=0x000000000000000d, RBX=0x0000000037b091d8, RCX=0x0000000000000000, RDX=0xffffffff9f014dfa
RSP=0x00000000affeddb8, RBP=0x0000000037b091d8, RSI=0x00000024a4d64810, RDI=0x000000003106a800
R8 =0x000000000000e9ee, R9 =0x0000000013b20000, R10=0x00000000009f4dfa, R11=0x0000000000000246
R12=0xffffffff9f014dfa, R13=0x0000000000000000, R14=0x0000000000000014, R15=0x0000000037b09000
RIP=0x0000000052808624, EFLAGS=0x0000000000010202

Top of Stack: (sp=0x00000000affeddb8)
0x00000000affeddb8:   00000000527c9589 0000000037b091d8
0x00000000affeddc8:   00000024a4d64810 000000000049414e
0x00000000affeddd8:   000000000049414e 0000000000000000
0x00000000affedde8:   00000024a4d64810 00000000affee478
0x00000000affeddf8:   00000000527aa6b1 0000000037b091d8
0x00000000affede08:   0000000000000000 00000000affedf01
0x00000000affede18:   000000004540cd74 0000001e08c42a50
0x00000000affede28:   00000000527c627a 00000000affee478
0x00000000affede38:   00000000affedf30 0000000037b091d8
0x00000000affede48:   0000000044cc64b8 00000000e8090ee8
0x00000000affede58:   0000000000000007 00000001e1b6f6d0
0x00000000affede68:   0000000000000000 0000000000000000
0x00000000affede78:   000000ff00000000 00000000e9909b98
0x00000000affede88:   00000000fe5c4960 0000000000000001
0x00000000affede98:   00000000e98f8508 00000000e0406f88
0x00000000affedea8:   00000000affee480 0000000037b091d8 

Instructions: (pc=0x0000000052808624)
0x0000000052808604:   5e 41 5d 41 5c 5f c3 cc 48 8b 41 08 48 05 00 04
0x0000000052808614:   00 00 c3 cc 48 8b 41 08 48 8b 80 18 0c 00 00 c3
0x0000000052808624:   48 8b 49 08 48 85 c9 74 05 e9 0e 72 fe ff 33 c0
0x0000000052808634:   c3 cc cc cc 48 83 ec 28 48 8b 49 08 48 85 c9 74 


Register to memory mapping:

RAX=0x000000000000000d is an unknown value
RBX=0x0000000037b091d8 is an unknown value
RCX=0x0000000000000000 is an unknown value
RDX=0xffffffff9f014dfa is an unknown value
RSP=0x00000000affeddb8 is pointing into the stack for thread: 0x0000000037b09000
RBP=0x0000000037b091d8 is an unknown value
RSI=0x00000024a4d64810 is an unknown value
RDI=0x000000003106a800 is an unknown value
R8 =0x000000000000e9ee is an unknown value
R9 =0x0000000013b20000 is an unknown value
R10=0x00000000009f4dfa is pointing into the stack for thread: 0x0000000036acb000
R11=0x0000000000000246 is an unknown value
R12=0xffffffff9f014dfa is an unknown value
R13=0x0000000000000000 is an unknown value
R14=0x0000000000000014 is an unknown value
R15=0x0000000037b09000 is a thread


Stack: [0x00000000abff0000,0x00000000afff0000],  sp=0x00000000affeddb8,  free space=65527k
Native frames: (J=compiled Java code, j=interpreted, Vv=VM code, C=native code)
C  0x0000000052808624

Java frames: (J=compiled Java code, j=interpreted, Vv=VM code)
J  sun.java2d.windows.GDIBlitLoops.nativeBlit(Lsun/java2d/SurfaceData;Lsun/java2d/SurfaceData;Lsun/java2d/pipe/Region;IIIIIIIIIZ)V
J  sun.java2d.windows.GDIBlitLoops.Blit(Lsun/java2d/SurfaceData;Lsun/java2d/SurfaceData;Ljava/awt/Composite;Lsun/java2d/pipe/Region;IIIIII)V
J  sun.java2d.pipe.DrawImage.copyImage(Lsun/java2d/SunGraphics2D;Ljava/awt/Image;IILjava/awt/Color;Ljava/awt/image/ImageObserver;)Z
J  sun.java2d.SunGraphics2D.drawImage(Ljava/awt/Image;IILjava/awt/Color;Ljava/awt/image/ImageObserver;)Z
J  javax.swing.RepaintManager$PaintManager.paintDoubleBuffered(Ljavax/swing/JComponent;Ljava/awt/Image;Ljava/awt/Graphics;IIII)V
J  javax.swing.RepaintManager$PaintManager.paint(Ljavax/swing/JComponent;Ljavax/swing/JComponent;Ljava/awt/Graphics;IIII)Z
j  javax.swing.RepaintManager.paint(Ljavax/swing/JComponent;Ljavax/swing/JComponent;Ljava/awt/Graphics;IIII)V+52
J  javax.swing.JComponent.paint(Ljava/awt/Graphics;)V
j  java.awt.GraphicsCallback$PaintCallback.run(Ljava/awt/Component;Ljava/awt/Graphics;)V+2
j  sun.awt.SunGraphicsCallback.runOneComponent(Ljava/awt/Component;Ljava/awt/Rectangle;Ljava/awt/Graphics;Ljava/awt/Shape;I)V+155
j  sun.awt.SunGraphicsCallback.runComponents([Ljava/awt/Component;Ljava/awt/Graphics;I)V+194
j  java.awt.Container.paint(Ljava/awt/Graphics;)V+58
j  java.awt.Window.paint(Ljava/awt/Graphics;)V+68
J  javax.swing.RepaintManager.paintDirtyRegions(Ljava/util/Map;)V
J  javax.swing.RepaintManager$ProcessingRunnable.run()V
J  java.awt.EventQueue$3.run()Ljava/lang/Object;
v  ~StubRoutines::call_stub
J  java.security.AccessController.doPrivileged(Ljava/security/PrivilegedAction;Ljava/security/AccessControlContext;)Ljava/lang/Object;
J  java.awt.EventDispatchThread.pumpOneEventForFilters(I)V
J  java.awt.EventDispatchThread.pumpEventsForFilter(ILjava/awt/Conditional;Ljava/awt/EventFilter;)V
j  java.awt.EventDispatchThread.pumpEventsForHierarchy(ILjava/awt/Conditional;Ljava/awt/Component;)V+11
j  java.awt.EventDispatchThread.pumpEvents(ILjava/awt/Conditional;)V+4
j  java.awt.EventDispatchThread.pumpEvents(Ljava/awt/Conditional;)V+3
j  java.awt.EventDispatchThread.run()V+9
v  ~StubRoutines::call_stub

---------------  P R O C E S S  ---------------

Java Threads: ( => current thread )
  0x000000253094e800 JavaThread "Foxtrot Single Worker Thread #1" daemon [_thread_blocked, id=24784, stack(0x0000002dec0d0000,0x0000002df00d0000)]
  0x00000024ab8d1000 JavaThread "Code Analyzer updating thread" [_thread_blocked, id=8764, stack(0x0000002e580d0000,0x0000002e5c0d0000)]
  0x0000000031364000 JavaThread "Code Analyzer updating thread" [_thread_blocked, id=9800, stack(0x0000002e640d0000,0x0000002e680d0000)]
  0x0000000031369800 JavaThread "Prefs Updater" daemon [_thread_blocked, id=15312, stack(0x0000002e0c0d0000,0x0000002e100d0000)]
  0x000000005c07d800 JavaThread "Timer-2" daemon [_thread_blocked, id=21272, stack(0x00000025e80d0000,0x00000025ec0d0000)]
  0x000000005c075000 JavaThread "com.jniwrapper.NativeResourceCollector" daemon [_thread_blocked, id=11640, stack(0x00000025d40d0000,0x00000025d80d0000)]
  0x000000005c076000 JavaThread "Swing-Shell" daemon [_thread_blocked, id=12868, stack(0x0000000005e70000,0x0000000009e70000)]
  0x0000000031366800 JavaThread "Code Analyzer updating thread" [_thread_blocked, id=6608, stack(0x0000000160030000,0x0000000164030000)]
  0x000000003135d800 JavaThread "Code Analyzer updating thread" [_thread_blocked, id=25356, stack(0x0000000158030000,0x000000015c030000)]
  0x0000000031363800 JavaThread "Code Analyzer updating thread" [_thread_blocked, id=11096, stack(0x0000000148030000,0x000000014c030000)]
  0x000000003135c800 JavaThread "Active Reference Queue Daemon" daemon [_thread_blocked, id=8908, stack(0x0000000140030000,0x0000000144030000)]
  0x000000003135e000 JavaThread "Timer-1" daemon [_thread_blocked, id=11740, stack(0x000000013c000000,0x0000000140000000)]
  0x0000000031362800 JavaThread "ClipboardMonitor Timer" daemon [_thread_blocked, id=6336, stack(0x0000000134000000,0x0000000138000000)]
  0x000000003135a800 JavaThread "Explorer NavigationContext request queue" daemon [_thread_blocked, id=12572, stack(0x0000000118000000,0x000000011c000000)]
  0x000000003135f000 JavaThread "AddressBar directory emptiness poller" daemon [_thread_blocked, id=13916, stack(0x000000010c000000,0x0000000110000000)]
  0x0000000031361000 JavaThread "Explorer Refresh Service 1223369202" daemon [_thread_blocked, id=25392, stack(0x0000000108000000,0x000000010c000000)]
  0x000000003135c000 JavaThread "Thread-4" daemon [_thread_blocked, id=18608, stack(0x00000000dbff0000,0x00000000dfff0000)]
  0x0000000037e8b800 JavaThread "TimerQueue" daemon [_thread_blocked, id=16576, stack(0x00000000cbff0000,0x00000000cfff0000)]
  0x0000000037e8a800 JavaThread "Thread-3" daemon [_thread_blocked, id=24340, stack(0x00000000bfff0000,0x00000000c3ff0000)]
  0x0000000037b40000 JavaThread "FelixPackageAdmin" daemon [_thread_blocked, id=12628, stack(0x00000000bbff0000,0x00000000bfff0000)]
  0x0000000037b3f800 JavaThread "FelixStartLevel" daemon [_thread_blocked, id=15344, stack(0x00000000b7ff0000,0x00000000bbff0000)]
  0x0000000037f84800 JavaThread "FelixDispatchQueue" daemon [_thread_blocked, id=2868, stack(0x00000000b3ff0000,0x00000000b7ff0000)]
=>0x0000000037b09000 JavaThread "AWT-EventQueue-0" [_thread_in_native, id=10276, stack(0x00000000abff0000,0x00000000afff0000)]
  0x0000000037abd800 JavaThread "AWT-Shutdown" [_thread_blocked, id=18492, stack(0x00000000a7ff0000,0x00000000abff0000)]
  0x0000000037916000 JavaThread "com.google.common.base.internal.Finalizer" daemon [_thread_blocked, id=22436, stack(0x00000000a3ff0000,0x00000000a7ff0000)]
  0x0000000037804000 JavaThread "AWT-Windows" daemon [_thread_in_native, id=16080, stack(0x000000009bff0000,0x000000009fff0000)]
  0x00000000378b1800 JavaThread "Java2D Disposer" daemon [_thread_blocked, id=20148, stack(0x0000000093ff0000,0x0000000097ff0000)]
  0x000000003764d000 JavaThread "Timer-0" [_thread_blocked, id=24872, stack(0x000000008fff0000,0x0000000093ff0000)]
  0x0000000037625000 JavaThread "EventMgr Dispatcher" daemon [_thread_in_native, id=17592, stack(0x000000008bff0000,0x000000008fff0000)]
  0x0000000036d71000 JavaThread "Service Thread" daemon [_thread_blocked, id=20140, stack(0x0000000083ff0000,0x0000000087ff0000)]
  0x0000000036d70000 JavaThread "C2 CompilerThread1" daemon [_thread_blocked, id=4468, stack(0x000000007fff0000,0x0000000083ff0000)]
  0x0000000036cd1800 JavaThread "C2 CompilerThread0" daemon [_thread_blocked, id=23516, stack(0x000000007bf60000,0x000000007ff60000)]
  0x0000000036cd1000 JavaThread "Attach Listener" daemon [_thread_blocked, id=24800, stack(0x0000000077f60000,0x000000007bf60000)]
  0x0000000036c95000 JavaThread "Finalizer" daemon [_thread_blocked, id=14612, stack(0x0000000073f60000,0x0000000077f60000)]
  0x0000000036c8d800 JavaThread "Reference Handler" daemon [_thread_blocked, id=2940, stack(0x000000006ff60000,0x0000000073f60000)]
  0x0000000036acb000 JavaThread "main" [_thread_in_native, id=20508, stack(0x0000000000400000,0x0000000004400000)]

Other Threads:
  0x0000000036c79000 VMThread [stack: 0x0000000061370000,0x0000000065370000] [id=14096]
  0x0000000036dc1800 WatcherThread [stack: 0x0000000087ff0000,0x000000008bff0000] [id=14080]

VM state:not at safepoint (normal execution)

VM Mutex/Monitor currently owned by a thread: None

Heap
 PSYoungGen      total 88768K, used 75589K [0x00000000fa000000, 0x00000000ff8a0000, 0x0000000100000000)
  eden space 87360K, 84% used [0x00000000fa000000,0x00000000fe871950,0x00000000ff550000)
  from space 1408K, 99% used [0x00000000ff550000,0x00000000ff6afe08,0x00000000ff6b0000)
  to   space 1664K, 0% used [0x00000000ff700000,0x00000000ff700000,0x00000000ff8a0000)
 ParOldGen       total 277952K, used 220479K [0x00000000e8000000, 0x00000000f8f70000, 0x00000000fa000000)
  object space 277952K, 79% used [0x00000000e8000000,0x00000000f574fd38,0x00000000f8f70000)
 PSPermGen       total 105920K, used 72437K [0x00000000e0000000, 0x00000000e6770000, 0x00000000e8000000)
  object space 105920K, 68% used [0x00000000e0000000,0x00000000e46bd428,0x00000000e6770000)

Card table byte_map: [0x00000000181e0000,0x00000000182f0000] byte_map_base: 0x0000000017ae0000

Polling page: 0x00000000174a0000

Code Cache  [0x0000000044730000, 0x0000000045620000, 0x0000000047730000)
 total_blobs=5219 nmethods=4500 adapters=664 free_code_cache=34093Kb largest_free_block=34708288

Compilation events (10 events):
Event: 141531.747 Thread 0x0000000036d70000 nmethod 4952 0x00000000456019d0 code [0x0000000045601b80, 0x0000000045601e70]
Event: 141531.747 Thread 0x0000000036cd1800 nmethod 4953 0x00000000455f7f50 code [0x00000000455f80e0, 0x00000000455f8388]
Event: 144891.746 Thread 0x0000000036cd1800 4954             com.jidesoft.grid.TableUtils::a (503 bytes)
Event: 144891.757 Thread 0x0000000036cd1800 nmethod 4954 0x00000000455f5090 code [0x00000000455f52e0, 0x00000000455f5cc0]
Event: 147711.734 Thread 0x0000000036d70000 4955             java.util.TaskQueue::clear (29 bytes)
Event: 147711.735 Thread 0x0000000036d70000 nmethod 4955 0x0000000044d4b8d0 code [0x0000000044d4ba00, 0x0000000044d4bab8]
Event: 171563.701 Thread 0x0000000036cd1800  137 % !         javax.swing.JComponent::_paintImmediately @ 142 (891 bytes)
Event: 171563.785 Thread 0x0000000036cd1800 nmethod 137% 0x0000000045608990 code [0x0000000045608d00, 0x000000004560bb58]
Event: 171564.253 Thread 0x0000000036d70000 4956   !         javax.swing.JComponent::_paintImmediately (891 bytes)
Event: 171564.340 Thread 0x0000000036d70000 nmethod 4956 0x000000004560f010 code [0x000000004560f400, 0x00000000456127c0]

GC Heap History (10 events):
Event: 171288.715 GC heap before
{Heap before GC invocations=2822 (full 7):
 PSYoungGen      total 88512K, used 88320K [0x00000000fa000000, 0x00000000ff720000, 0x0000000100000000)
  eden space 87808K, 100% used [0x00000000fa000000,0x00000000ff5c0000,0x00000000ff5c0000)
  from space 704K, 72% used [0x00000000ff670000,0x00000000ff6f0000,0x00000000ff720000)
  to   space 704K, 0% used [0x00000000ff5c0000,0x00000000ff5c0000,0x00000000ff670000)
 ParOldGen       total 277952K, used 218707K [0x00000000e8000000, 0x00000000f8f70000, 0x00000000fa000000)
  object space 277952K, 78% used [0x00000000e8000000,0x00000000f5594dd0,0x00000000f8f70000)
 PSPermGen       total 105920K, used 71728K [0x00000000e0000000, 0x00000000e6770000, 0x00000000e8000000)
  object space 105920K, 67% used [0x00000000e0000000,0x00000000e460c380,0x00000000e6770000)
Event: 171288.718 GC heap after
Heap after GC invocations=2822 (full 7):
 PSYoungGen      total 88512K, used 544K [0x00000000fa000000, 0x00000000ff730000, 0x0000000100000000)
  eden space 87808K, 0% used [0x00000000fa000000,0x00000000fa000000,0x00000000ff5c0000)
  from space 704K, 77% used [0x00000000ff5c0000,0x00000000ff648000,0x00000000ff670000)
  to   space 704K, 0% used [0x00000000ff680000,0x00000000ff680000,0x00000000ff730000)
 ParOldGen       total 277952K, used 218715K [0x00000000e8000000, 0x00000000f8f70000, 0x00000000fa000000)
  object space 277952K, 78% used [0x00000000e8000000,0x00000000f5596dd0,0x00000000f8f70000)
 PSPermGen       total 105920K, used 71728K [0x00000000e0000000, 0x00000000e6770000, 0x00000000e8000000)
  object space 105920K, 67% used [0x00000000e0000000,0x00000000e460c380,0x00000000e6770000)
}
Event: 171385.041 GC heap before
{Heap before GC invocations=2823 (full 7):
 PSYoungGen      total 88512K, used 88352K [0x00000000fa000000, 0x00000000ff730000, 0x0000000100000000)
  eden space 87808K, 100% used [0x00000000fa000000,0x00000000ff5c0000,0x00000000ff5c0000)
  from space 704K, 77% used [0x00000000ff5c0000,0x00000000ff648000,0x00000000ff670000)
  to   space 704K, 0% used [0x00000000ff680000,0x00000000ff680000,0x00000000ff730000)
 ParOldGen       total 277952K, used 218715K [0x00000000e8000000, 0x00000000f8f70000, 0x00000000fa000000)
  object space 277952K, 78% used [0x00000000e8000000,0x00000000f5596dd0,0x00000000f8f70000)
 PSPermGen       total 105920K, used 71728K [0x00000000e0000000, 0x00000000e6770000, 0x00000000e8000000)
  object space 105920K, 67% used [0x00000000e0000000,0x00000000e460c380,0x00000000e6770000)
Event: 171385.044 GC heap after
Heap after GC invocations=2823 (full 7):
 PSYoungGen      total 88576K, used 480K [0x00000000fa000000, 0x00000000ff730000, 0x0000000100000000)
  eden space 87872K, 0% used [0x00000000fa000000,0x00000000fa000000,0x00000000ff5d0000)
  from space 704K, 68% used [0x00000000ff680000,0x00000000ff6f8000,0x00000000ff730000)
  to   space 704K, 0% used [0x00000000ff5d0000,0x00000000ff5d0000,0x00000000ff680000)
 ParOldGen       total 277952K, used 218723K [0x00000000e8000000, 0x00000000f8f70000, 0x00000000fa000000)
  object space 277952K, 78% used [0x00000000e8000000,0x00000000f5598dd0,0x00000000f8f70000)
 PSPermGen       total 105920K, used 71728K [0x00000000e0000000, 0x00000000e6770000, 0x00000000e8000000)
  object space 105920K, 67% used [0x00000000e0000000,0x00000000e460c380,0x00000000e6770000)
}
Event: 171471.843 GC heap before
{Heap before GC invocations=2824 (full 7):
 PSYoungGen      total 88576K, used 88352K [0x00000000fa000000, 0x00000000ff730000, 0x0000000100000000)
  eden space 87872K, 100% used [0x00000000fa000000,0x00000000ff5d0000,0x00000000ff5d0000)
  from space 704K, 68% used [0x00000000ff680000,0x00000000ff6f8000,0x00000000ff730000)
  to   space 704K, 0% used [0x00000000ff5d0000,0x00000000ff5d0000,0x00000000ff680000)
 ParOldGen       total 277952K, used 218723K [0x00000000e8000000, 0x00000000f8f70000, 0x00000000fa000000)
  object space 277952K, 78% used [0x00000000e8000000,0x00000000f5598dd0,0x00000000f8f70000)
 PSPermGen       total 105920K, used 71728K [0x00000000e0000000, 0x00000000e6770000, 0x00000000e8000000)
  object space 105920K, 67% used [0x00000000e0000000,0x00000000e460c380,0x00000000e6770000)
Event: 171471.847 GC heap after
Heap after GC invocations=2824 (full 7):
 PSYoungGen      total 88576K, used 698K [0x00000000fa000000, 0x00000000ff780000, 0x0000000100000000)
  eden space 87872K, 0% used [0x00000000fa000000,0x00000000fa000000,0x00000000ff5d0000)
  from space 704K, 99% used [0x00000000ff5d0000,0x00000000ff67ea50,0x00000000ff680000)
  to   space 832K, 0% used [0x00000000ff6b0000,0x00000000ff6b0000,0x00000000ff780000)
 ParOldGen       total 277952K, used 218954K [0x00000000e8000000, 0x00000000f8f70000, 0x00000000fa000000)
  object space 277952K, 78% used [0x00000000e8000000,0x00000000f55d2a98,0x00000000f8f70000)
 PSPermGen       total 105920K, used 71728K [0x00000000e0000000, 0x00000000e6770000, 0x00000000e8000000)
  object space 105920K, 67% used [0x00000000e0000000,0x00000000e460c380,0x00000000e6770000)
}
Event: 171524.262 GC heap before
{Heap before GC invocations=2825 (full 7):
 PSYoungGen      total 88576K, used 88570K [0x00000000fa000000, 0x00000000ff780000, 0x0000000100000000)
  eden space 87872K, 100% used [0x00000000fa000000,0x00000000ff5d0000,0x00000000ff5d0000)
  from space 704K, 99% used [0x00000000ff5d0000,0x00000000ff67ea50,0x00000000ff680000)
  to   space 832K, 0% used [0x00000000ff6b0000,0x00000000ff6b0000,0x00000000ff780000)
 ParOldGen       total 277952K, used 218954K [0x00000000e8000000, 0x00000000f8f70000, 0x00000000fa000000)
  object space 277952K, 78% used [0x00000000e8000000,0x00000000f55d2a98,0x00000000f8f70000)
 PSPermGen       total 105920K, used 71728K [0x00000000e0000000, 0x00000000e6770000, 0x00000000e8000000)
  object space 105920K, 67% used [0x00000000e0000000,0x00000000e460c380,0x00000000e6770000)
Event: 171524.267 GC heap after
Heap after GC invocations=2825 (full 7):
 PSYoungGen      total 88192K, used 832K [0x00000000fa000000, 0x00000000ff8a0000, 0x0000000100000000)
  eden space 87360K, 0% used [0x00000000fa000000,0x00000000fa000000,0x00000000ff550000)
  from space 832K, 100% used [0x00000000ff6b0000,0x00000000ff780000,0x00000000ff780000)
  to   space 1408K, 0% used [0x00000000ff550000,0x00000000ff550000,0x00000000ff6b0000)
 ParOldGen       total 277952K, used 220195K [0x00000000e8000000, 0x00000000f8f70000, 0x00000000fa000000)
  object space 277952K, 79% used [0x00000000e8000000,0x00000000f5708ca0,0x00000000f8f70000)
 PSPermGen       total 105920K, used 71728K [0x00000000e0000000, 0x00000000e6770000, 0x00000000e8000000)
  object space 105920K, 67% used [0x00000000e0000000,0x00000000e460c380,0x00000000e6770000)
}
Event: 171558.746 GC heap before
{Heap before GC invocations=2826 (full 7):
 PSYoungGen      total 88192K, used 88192K [0x00000000fa000000, 0x00000000ff8a0000, 0x0000000100000000)
  eden space 87360K, 100% used [0x00000000fa000000,0x00000000ff550000,0x00000000ff550000)
  from space 832K, 100% used [0x00000000ff6b0000,0x00000000ff780000,0x00000000ff780000)
  to   space 1408K, 0% used [0x00000000ff550000,0x00000000ff550000,0x00000000ff6b0000)
 ParOldGen       total 277952K, used 220195K [0x00000000e8000000, 0x00000000f8f70000, 0x00000000fa000000)
  object space 277952K, 79% used [0x00000000e8000000,0x00000000f5708ca0,0x00000000f8f70000)
 PSPermGen       total 105920K, used 71889K [0x00000000e0000000, 0x00000000e6770000, 0x00000000e8000000)
  object space 105920K, 67% used [0x00000000e0000000,0x00000000e4634740,0x00000000e6770000)
Event: 171558.751 GC heap after
Heap after GC invocations=2826 (full 7):
 PSYoungGen      total 88768K, used 1407K [0x00000000fa000000, 0x00000000ff8a0000, 0x0000000100000000)
  eden space 87360K, 0% used [0x00000000fa000000,0x00000000fa000000,0x00000000ff550000)
  from space 1408K, 99% used [0x00000000ff550000,0x00000000ff6afe08,0x00000000ff6b0000)
  to   space 1664K, 0% used [0x00000000ff700000,0x00000000ff700000,0x00000000ff8a0000)
 ParOldGen       total 277952K, used 220479K [0x00000000e8000000, 0x00000000f8f70000, 0x00000000fa000000)
  object space 277952K, 79% used [0x00000000e8000000,0x00000000f574fd38,0x00000000f8f70000)
 PSPermGen       total 105920K, used 71889K [0x00000000e0000000, 0x00000000e6770000, 0x00000000e8000000)
  object space 105920K, 67% used [0x00000000e0000000,0x00000000e4634740,0x00000000e6770000)
}

Deoptimization events (10 events):
Event: 171529.831 Thread 0x0000000037b09000 Uncommon trap -34 fr.pc 0x0000000045350914
Event: 171529.885 Thread 0x0000000037b09000 Uncommon trap -34 fr.pc 0x0000000045350914
Event: 171532.051 Thread 0x0000000037b09000 Uncommon trap -122 fr.pc 0x0000000044be232c
Event: 171565.712 Thread 0x0000000037b09000 Uncommon trap -34 fr.pc 0x0000000045246acc
Event: 171565.713 Thread 0x0000000037b09000 Uncommon trap -34 fr.pc 0x0000000045246acc
Event: 171565.713 Thread 0x0000000037b09000 Uncommon trap -83 fr.pc 0x0000000044e7a50c
Event: 171565.717 Thread 0x0000000037b09000 Uncommon trap -12 fr.pc 0x0000000044f899a0
Event: 171565.783 Thread 0x0000000037b09000 Uncommon trap -34 fr.pc 0x00000000452e7118
Event: 171565.783 Thread 0x0000000037b09000 Uncommon trap -34 fr.pc 0x00000000452e7118
Event: 171565.783 Thread 0x0000000037b09000 Uncommon trap -34 fr.pc 0x00000000452e7118

Internal exceptions (10 events):
Event: 171565.717 Thread 0x0000000037b09000 Implicit null exception at 0x0000000044f879fe to 0x0000000044f8997d
Event: 171570.868 Thread 0x0000000037b09000 Threw 0x00000000fcb9b260 at C:\jdk7u1_64p\jdk7u11\hotspot\src\share\vm\classfile\systemDictionary.cpp:179
Event: 171570.868 Thread 0x0000000037b09000 Threw 0x00000000fcb9b838 at C:\jdk7u1_64p\jdk7u11\hotspot\src\share\vm\prims\jvm.cpp:1166
Event: 171570.868 Thread 0x0000000037b09000 Threw 0x00000000fcbb22c0 at C:\jdk7u1_64p\jdk7u11\hotspot\src\share\vm\prims\jvm.cpp:1166
Event: 171570.868 Thread 0x0000000037b09000 Threw 0x00000000fcbb2788 at C:\jdk7u1_64p\jdk7u11\hotspot\src\share\vm\classfile\systemDictionary.cpp:179
Event: 171570.869 Thread 0x0000000037b09000 Threw 0x00000000fcbb2e20 at C:\jdk7u1_64p\jdk7u11\hotspot\src\share\vm\prims\jvm.cpp:1166
Event: 171570.869 Thread 0x0000000037b09000 Threw 0x00000000fcbd84d8 at C:\jdk7u1_64p\jdk7u11\hotspot\src\share\vm\prims\jvm.cpp:1166
Event: 171570.869 Thread 0x0000000037b09000 Threw 0x00000000fcbd8970 at C:\jdk7u1_64p\jdk7u11\hotspot\src\share\vm\classfile\systemDictionary.cpp:179
Event: 171570.869 Thread 0x0000000037b09000 Threw 0x00000000fcbd9100 at C:\jdk7u1_64p\jdk7u11\hotspot\src\share\vm\prims\jvm.cpp:1166
Event: 171570.870 Thread 0x0000000037b09000 Threw 0x00000000fce5eae0 at C:\jdk7u1_64p\jdk7u11\hotspot\src\share\vm\prims\jvm.cpp:1166

Events (10 events):
Event: 171570.869 loading class 0x0000002e1c843520
Event: 171570.869 loading class 0x0000002e1c843520 done
Event: 171582.734 loading class 0x00000000376c34c0
Event: 171582.735 loading class 0x00000000376c34c0 done
Event: 171582.735 loading class 0x0000000036c76b10
Event: 171582.736 loading class 0x0000000036c76b10 done
Event: 171582.736 loading class 0x0000000036c76810
Event: 171582.736 loading class 0x0000000036c76810 done
Event: 171582.736 Executing VM operation: Deoptimize
Event: 171582.737 Executing VM operation: Deoptimize done


Dynamic libraries:
0x0000000140000000 - 0x0000000140029000 	C:\Program Files\MATLAB\R2013b\bin\win64\MATLAB.exe
0x00007ffde9220000 - 0x00007ffde93f1000 	C:\WINDOWS\SYSTEM32\ntdll.dll
0x00007ffde6f50000 - 0x00007ffde6ffc000 	C:\WINDOWS\System32\KERNEL32.DLL
0x00007ffde5720000 - 0x00007ffde593d000 	C:\WINDOWS\System32\KERNELBASE.dll
0x000000006f060000 - 0x000000006f3dc000 	C:\Program Files\MATLAB\R2013b\bin\win64\libmwservices.dll
0x000000006e4d0000 - 0x000000006e57d000 	C:\Program Files\MATLAB\R2013b\bin\win64\mcr.dll
0x00007ffde6e40000 - 0x00007ffde6ee2000 	C:\WINDOWS\System32\ADVAPI32.dll
0x00007ffde8f50000 - 0x00007ffde8fee000 	C:\WINDOWS\System32\msvcrt.dll
0x00007ffde9030000 - 0x00007ffde9195000 	C:\WINDOWS\System32\USER32.dll
0x00007ffde72a0000 - 0x00007ffde72f9000 	C:\WINDOWS\System32\sechost.dll
0x00007ffde5b00000 - 0x00007ffde5b1e000 	C:\WINDOWS\System32\win32u.dll
0x00007ffde7170000 - 0x00007ffde7291000 	C:\WINDOWS\System32\RPCRT4.dll
0x00007ffde67b0000 - 0x00007ffde68aa000 	C:\WINDOWS\System32\COMDLG32.dll
0x00007ffde7300000 - 0x00007ffde75c8000 	C:\WINDOWS\System32\combase.dll
0x00007ffde8ff0000 - 0x00007ffde9024000 	C:\WINDOWS\System32\GDI32.dll
0x00007ffde5b20000 - 0x00007ffde5c15000 	C:\WINDOWS\System32\ucrtbase.dll
0x00007ffde5cd0000 - 0x00007ffde5e50000 	C:\WINDOWS\System32\gdi32full.dll
0x00007ffde5940000 - 0x00007ffde59aa000 	C:\WINDOWS\System32\bcryptPrimitives.dll
0x00007ffde5c20000 - 0x00007ffde5cc9000 	C:\WINDOWS\System32\shcore.dll
0x00007ffde7830000 - 0x00007ffde8d38000 	C:\WINDOWS\System32\SHELL32.dll
0x00007ffde77d0000 - 0x00007ffde7822000 	C:\WINDOWS\System32\SHLWAPI.dll
0x00007ffde5ab0000 - 0x00007ffde5af2000 	C:\WINDOWS\System32\cfgmgr32.dll
0x00007ffde7740000 - 0x00007ffde77aa000 	C:\WINDOWS\System32\WS2_32.dll
0x00007ffde60d0000 - 0x00007ffde67aa000 	C:\WINDOWS\System32\windows.storage.dll
0x00007ffde7000000 - 0x00007ffde7138000 	C:\WINDOWS\System32\ole32.dll
0x00007ffde5690000 - 0x00007ffde56dc000 	C:\WINDOWS\System32\powrprof.dll
0x00007ffde68b0000 - 0x00007ffde696f000 	C:\WINDOWS\System32\OLEAUT32.dll
0x00007ffde59b0000 - 0x00007ffde5a4c000 	C:\WINDOWS\System32\msvcp_win.dll
0x00007ffde56e0000 - 0x00007ffde56ef000 	C:\WINDOWS\System32\kernel.appcore.dll
0x00007ffde56f0000 - 0x00007ffde5704000 	C:\WINDOWS\System32\profapi.dll
0x000000006ad70000 - 0x000000006aedf000 	C:\Program Files\MATLAB\R2013b\bin\win64\mvm.dll
0x0000000053f80000 - 0x0000000054018000 	C:\Program Files\MATLAB\R2013b\bin\win64\MSVCP100.dll
0x0000000053ea0000 - 0x0000000053f72000 	C:\Program Files\MATLAB\R2013b\bin\win64\MSVCR100.dll
0x000000006fe80000 - 0x000000006ff56000 	C:\Program Files\MATLAB\R2013b\bin\win64\libmwi18n.dll
0x0000000004400000 - 0x00000000044bb000 	C:\Program Files\MATLAB\R2013b\bin\win64\libut.dll
0x000000006f960000 - 0x000000006fb07000 	C:\Program Files\MATLAB\R2013b\bin\win64\libmwfl.dll
0x00000000106a0000 - 0x000000001079b000 	C:\Program Files\MATLAB\R2013b\bin\win64\libmx.dll
0x00007ffde77b0000 - 0x00007ffde77cc000 	C:\WINDOWS\System32\imagehlp.dll
0x00007ffde75d0000 - 0x00007ffde75d8000 	C:\WINDOWS\System32\PSAPI.DLL
0x000000006ef00000 - 0x000000006ef4e000 	C:\Program Files\MATLAB\R2013b\bin\win64\libmwregexp.dll
0x000000006eeb0000 - 0x000000006eef7000 	C:\Program Files\MATLAB\R2013b\bin\win64\mpath.dll
0x00000000107a0000 - 0x0000000010dc8000 	C:\Program Files\MATLAB\R2013b\bin\win64\mlutil.dll
0x0000000010dd0000 - 0x00000000111df000 	C:\Program Files\MATLAB\R2013b\bin\win64\libmwMATLAB_res.dll
0x000000006e5f0000 - 0x000000006e613000 	C:\Program Files\MATLAB\R2013b\bin\win64\libmwMATLAB_settings_res.dll
0x000000006e580000 - 0x000000006e586000 	C:\Program Files\MATLAB\R2013b\bin\win64\libmwnativedisplay.dll
0x00000000685f0000 - 0x000000006863d000 	C:\Program Files\MATLAB\R2013b\bin\win64\opccore.dll
0x00000000684f0000 - 0x00000000685c6000 	C:\Program Files\MATLAB\R2013b\bin\win64\opcmodel.dll
0x00000000684c0000 - 0x00000000684ed000 	C:\Program Files\MATLAB\R2013b\bin\win64\opczippackage.dll
0x0000000068340000 - 0x00000000683a6000 	C:\Program Files\MATLAB\R2013b\bin\win64\opcmwservices.dll
0x0000000054800000 - 0x000000005480e000 	C:\Program Files\MATLAB\R2013b\bin\win64\boost_date_time-vc100-mt-1_49.dll
0x00000000547d0000 - 0x00000000547fc000 	C:\Program Files\MATLAB\R2013b\bin\win64\boost_filesystem-vc100-mt-1_49.dll
0x00000000547c0000 - 0x00000000547d0000 	C:\Program Files\MATLAB\R2013b\bin\win64\boost_iostreams-vc100-mt-1_49.dll
0x0000000053e50000 - 0x0000000053e96000 	C:\Program Files\MATLAB\R2013b\bin\win64\boost_serialization-vc100-mt-1_49.dll
0x0000000053e40000 - 0x0000000053e49000 	C:\Program Files\MATLAB\R2013b\bin\win64\boost_system-vc100-mt-1_49.dll
0x0000000053e20000 - 0x0000000053e31000 	C:\Program Files\MATLAB\R2013b\bin\win64\boost_thread-vc100-mt-1_49.dll
0x000000006e110000 - 0x000000006e4d0000 	C:\Program Files\MATLAB\R2013b\bin\win64\iqm.dll
0x000000006c710000 - 0x000000006c73f000 	C:\Program Files\MATLAB\R2013b\bin\win64\libmwbridge.dll
0x0000000053d90000 - 0x0000000053e1c000 	C:\Program Files\MATLAB\R2013b\bin\win64\boost_log-vc100-mt-1_49.dll
0x000000006d760000 - 0x000000006d784000 	C:\Program Files\MATLAB\R2013b\bin\win64\libmex.dll
0x0000000180000000 - 0x00000001800c2000 	C:\Program Files\MATLAB\R2013b\bin\win64\m_dispatcher.dll
0x000000006c500000 - 0x000000006c651000 	C:\Program Files\MATLAB\R2013b\bin\win64\libmwgui.dll
0x00000000111e0000 - 0x0000000011442000 	C:\Program Files\MATLAB\R2013b\bin\win64\mcos.dll
0x000000006bac0000 - 0x000000006c426000 	C:\Program Files\MATLAB\R2013b\bin\win64\hg.dll
0x000000006b3a0000 - 0x000000006b4b2000 	C:\Program Files\MATLAB\R2013b\bin\win64\hgutils.dll
0x0000000011450000 - 0x0000000011c4b000 	C:\Program Files\MATLAB\R2013b\bin\win64\m_interpreter.dll
0x000000006b780000 - 0x000000006b848000 	C:\Program Files\MATLAB\R2013b\bin\win64\jmi.dll
0x000000006afc0000 - 0x000000006b28f000 	C:\Program Files\MATLAB\R2013b\bin\win64\uiw.dll
0x000000006b2f0000 - 0x000000006b39e000 	C:\Program Files\MATLAB\R2013b\bin\win64\udd_mi.dll
0x000000006af50000 - 0x000000006af6d000 	C:\Program Files\MATLAB\R2013b\bin\win64\mwoles05.DLL
0x000000006aee0000 - 0x000000006af4c000 	C:\Program Files\MATLAB\R2013b\bin\win64\comcli.dll
0x0000000000020000 - 0x000000000002c000 	C:\Program Files\MATLAB\R2013b\bin\win64\mlautoregister.dll
0x00007ffddb1b0000 - 0x00007ffddb1e3000 	C:\Program Files\MATLAB\R2013b\bin\win64\tbb.dll
0x00007ffddb9e0000 - 0x00007ffddba8c000 	C:\WINDOWS\WinSxS\amd64_microsoft.windows.common-controls_6595b64144ccf1df_5.82.14393.447_none_0d5aa7fbb6d35646\COMCTL32.dll
0x00007ffdd3fd0000 - 0x00007ffdd3fe8000 	C:\WINDOWS\SYSTEM32\NETAPI32.dll
0x0000000053b40000 - 0x0000000053d81000 	C:\Program Files\MATLAB\R2013b\bin\win64\xerces-c_2_7.dll
0x000000006fe70000 - 0x000000006fe7d000 	C:\Program Files\MATLAB\R2013b\bin\win64\libmwresource_core.dll
0x00000000539b0000 - 0x0000000053b3a000 	C:\Program Files\MATLAB\R2013b\bin\win64\icuin49.dll
0x0000000053980000 - 0x00000000539a5000 	C:\Program Files\MATLAB\R2013b\bin\win64\LIBEXPAT.dll
0x0000000053840000 - 0x000000005397e000 	C:\Program Files\MATLAB\R2013b\bin\win64\icuuc49.dll
0x0000000053830000 - 0x0000000053840000 	C:\Program Files\MATLAB\R2013b\bin\win64\icuio49.dll
0x0000000053750000 - 0x000000005382f000 	C:\Program Files\MATLAB\R2013b\bin\win64\boost_regex-vc100-mt-1_49.dll
0x0000000053730000 - 0x0000000053741000 	C:\Program Files\MATLAB\R2013b\bin\win64\boost_signals-vc100-mt-1_49.dll
0x00007ffddead0000 - 0x00007ffddeaf8000 	C:\Program Files\MATLAB\R2013b\bin\win64\tbbmalloc.dll
0x0000000053710000 - 0x0000000053727000 	C:\Program Files\MATLAB\R2013b\bin\win64\zlib1.dll
0x000000006e870000 - 0x000000006e8e7000 	C:\Program Files\MATLAB\R2013b\bin\win64\xmlcore.dll
0x0000000053700000 - 0x000000005370e000 	C:\Program Files\MATLAB\R2013b\bin\win64\libminizip.dll
0x00000000044c0000 - 0x0000000004576000 	C:\Program Files\MATLAB\R2013b\bin\win64\udd.dll
0x000000006c4d0000 - 0x000000006c4f8000 	C:\Program Files\MATLAB\R2013b\bin\win64\graphics_util.dll
0x000000006ba60000 - 0x000000006babd000 	C:\Program Files\MATLAB\R2013b\bin\win64\libmat.dll
0x000000006b730000 - 0x000000006b772000 	C:\Program Files\MATLAB\R2013b\bin\win64\libmwhardcopy.dll
0x000000006b6d0000 - 0x000000006b72e000 	C:\Program Files\MATLAB\R2013b\bin\win64\libuij.dll
0x0000000011c50000 - 0x0000000011e55000 	C:\Program Files\MATLAB\R2013b\bin\win64\hgdatatypes.dll
0x000000006ced0000 - 0x000000006cf4f000 	C:\Program Files\MATLAB\R2013b\bin\win64\libmwlapack.dll
0x000000006b2b0000 - 0x000000006b2e6000 	C:\Program Files\MATLAB\R2013b\bin\win64\libmwgbtutils.dll
0x000000006b290000 - 0x000000006b2a3000 	C:\Program Files\MATLAB\R2013b\bin\win64\libmwgbt.dll
0x00000000531a0000 - 0x00000000536fd000 	C:\Program Files\MATLAB\R2013b\bin\win64\mfc100.dll
0x00000000001c0000 - 0x00000000001ce000 	C:\Program Files\MATLAB\R2013b\bin\win64\nativejava_services.dll
0x00007ffddb8e0000 - 0x00007ffddb966000 	C:\WINDOWS\SYSTEM32\WINSPOOL.DRV
0x000000006afb0000 - 0x000000006afb9000 	C:\Program Files\MATLAB\R2013b\bin\win64\uinone.dll
0x000000006af80000 - 0x000000006afac000 	C:\Program Files\MATLAB\R2013b\bin\win64\libmwnativedialogs.dll
0x00007ffdc5450000 - 0x00007ffdc546b000 	C:\WINDOWS\SYSTEM32\MPR.dll
0x000000006d6e0000 - 0x000000006d75b000 	C:\Program Files\MATLAB\R2013b\bin\win64\profiler.dll
0x000000006d450000 - 0x000000006d5c8000 	C:\Program Files\MATLAB\R2013b\bin\win64\libmwmathutil.dll
0x000000006d420000 - 0x000000006d447000 	C:\Program Files\MATLAB\R2013b\bin\win64\libmwmathrng.dll
0x000000006ceb0000 - 0x000000006ced0000 	C:\Program Files\MATLAB\R2013b\bin\win64\m_pcodeio.dll
0x000000006ce50000 - 0x000000006ceac000 	C:\Program Files\MATLAB\R2013b\bin\win64\m_ir.dll
0x0000000011e60000 - 0x0000000012515000 	C:\Program Files\MATLAB\R2013b\bin\win64\m_parser.dll
0x000000006c740000 - 0x000000006c768000 	C:\Program Files\MATLAB\R2013b\bin\win64\m_pcodegen.dll
0x000000006d2b0000 - 0x000000006d313000 	C:\Program Files\MATLAB\R2013b\bin\win64\libmwspmatrix.dll
0x00007ffde2380000 - 0x00007ffde2512000 	C:\WINDOWS\SYSTEM32\dbghelp.dll
0x0000000053170000 - 0x000000005319b000 	C:\Program Files\MATLAB\R2013b\bin\win64\ATL100.DLL
0x0000000012520000 - 0x0000000013642000 	C:\Program Files\MATLAB\R2013b\bin\win64\icudt49.dll
0x00000000530b0000 - 0x0000000053168000 	C:\Program Files\MATLAB\R2013b\bin\win64\libtex_base.dll
0x000000006b850000 - 0x000000006ba58000 	C:\Program Files\MATLAB\R2013b\bin\win64\hdf5dll.dll
0x000000006cf60000 - 0x000000006cf75000 	C:\Program Files\MATLAB\R2013b\bin\win64\libmwbinder.dll
0x000000006cf50000 - 0x000000006cf5b000 	C:\Program Files\MATLAB\R2013b\bin\win64\libmwompwrapper.dll
0x00007ffddba90000 - 0x00007ffddba97000 	C:\WINDOWS\SYSTEM32\MSIMG32.dll
0x00007ffde55d0000 - 0x00007ffde55fb000 	C:\WINDOWS\SYSTEM32\bcrypt.dll
0x000000006d410000 - 0x000000006d420000 	C:\Program Files\MATLAB\R2013b\bin\win64\libmwmfl_rng.dll
0x0000000013650000 - 0x0000000013768000 	C:\Program Files\MATLAB\R2013b\bin\win64\libmwmathcore.dll
0x000000006c780000 - 0x000000006c797000 	C:\Program Files\MATLAB\R2013b\bin\win64\ir_xfmr.dll
0x000000006c770000 - 0x000000006c780000 	C:\Program Files\MATLAB\R2013b\bin\win64\mtok.dll
0x000000006af70000 - 0x000000006af7c000 	C:\Program Files\MATLAB\R2013b\bin\win64\libmwplatform_res.dll
0x000000006cfc0000 - 0x000000006d01c000 	C:\Program Files\MATLAB\R2013b\bin\win64\libmwcholmod.dll
0x000000006cfb0000 - 0x000000006cfbc000 	C:\Program Files\MATLAB\R2013b\bin\win64\libmwamd.dll
0x000000006cfa0000 - 0x000000006cfab000 	C:\Program Files\MATLAB\R2013b\bin\win64\libmwcolamd.dll
0x000000006cf80000 - 0x000000006cf93000 	C:\Program Files\MATLAB\R2013b\bin\win64\libmwblas.dll
0x00007ffde7140000 - 0x00007ffde716e000 	C:\WINDOWS\System32\IMM32.DLL

VM Arguments:
jvm_args: -XX:PermSize=32m -Xms64m -XX:NewRatio=3 -XX:MaxPermSize=128m -Xmx384m -XX:MaxDirectMemorySize=2147400000 -Dsun.java2d.noddraw=true -Dsun.awt.nopixfmt=true -Xshare:off -Xrs -XX:-UseSplitVerifier -Djava.library.path=C:\Program Files\MATLAB\R2013b\bin\win64;C:\Program Files\MATLAB\R2013b\sys\jxbrowser\win64\lib vfprintf abort -Duser.language=zh -Duser.country=CN 
java_command: <unknown>
Launcher Type: generic

Environment Variables:
PATH=C:\Program Files (x86)\Intel\iCLS Client\;C:\Program Files\Intel\iCLS Client\;C:\Windows\system32;C:\Windows;C:\Windows\System32\Wbem;C:\Windows\System32\WindowsPowerShell\v1.0\;C:\Program Files (x86)\NVIDIA Corporation\PhysX\Common;C:\Program Files (x86)\Intel\Intel(R) Management Engine Components\DAL;C:\Program Files\Intel\Intel(R) Management Engine Components\DAL;C:\Program Files (x86)\Intel\Intel(R) Management Engine Components\IPT;C:\Program Files\Intel\Intel(R) Management Engine Components\IPT;C:\Program Files\MATLAB\R2013b\runtime\win64;C:\Program Files\MATLAB\R2013b\bin;C:\WINDOWS\system32;C:\WINDOWS;C:\WINDOWS\System32\Wbem;C:\WINDOWS\System32\WindowsPowerShell\v1.0\;C:\Program Files\Intel\WiFi\bin\;C:\Program Files\Common Files\Intel\WirelessCommon\;C:\Program Files (x86)\proeWildfire 4.0\bin;C:\Users\DEll\AppData\Local\Microsoft\WindowsApps;C:\Program Files\Intel\WiFi\bin\;C:\Program Files\Common Files\Intel\WirelessCommon\
USERNAME=DEll
OS=Windows_NT
PROCESSOR_IDENTIFIER=Intel64 Family 6 Model 142 Stepping 9, GenuineIntel



---------------  S Y S T E M  ---------------

OS: Windows 8 , 64 bit Build 9200 

CPU:total 4 (2 cores per cpu, 2 threads per core) family 6 model 142 stepping 9, cmov, cx8, fxsr, mmx, sse, sse2, sse3, ssse3, sse4.1, sse4.2, popcnt, avx, avx2, ht, tsc, tscinvbit

Memory: 4k page, physical 16672316k(8319596k free), swap 19162684k(8089680k free)

vm_info: Java HotSpot(TM) 64-Bit Server VM (23.6-b04) for windows-amd64 JRE (1.7.0_11-b21), built on Jan 12 2013 02:38:42 by "java_re" with unknown MS VC++:1600

time: Fri Jun 23 09:27:51 2017
elapsed time: 171592 seconds

